<?xml version="1.0" encoding="UTF-8"?>
<!-- Generated by org.testng.reporters.JUnitXMLReporter -->
<testsuite hostname="DESKTOP-TBDFFO0" ignored="0" name="BankingApp Test1" tests="2" failures="0" timestamp="04 Jan 2021 17:53:35 GMT" time="1364.385" errors="0">
  <testcase name="@BeforeClass setup" time="681.205" classname="com.AudiV1.testCases.BaseClass">
    <failure type="org.openqa.selenium.SessionNotCreatedException" message="session not created
from timeout: Timed out receiving message from renderer: 600.000
  (Session info: chrome=87.0.4280.88)
Build info: version: &amp;apos;3.141.59&amp;apos;, revision: &amp;apos;e82be7d358&amp;apos;, time: &amp;apos;2018-11-14T08:17:03&amp;apos;
System info: host: &amp;apos;DESKTOP-TBDFFO0&amp;apos;, ip: &amp;apos;192.168.0.104&amp;apos;, os.name: &amp;apos;Windows 10&amp;apos;, os.arch: &amp;apos;amd64&amp;apos;, os.version: &amp;apos;10.0&amp;apos;, java.version: &amp;apos;1.8.0_191&amp;apos;
Driver info: driver.version: ChromeDriver
remote stacktrace: Backtrace:
	Ordinal0 [0x0070ECE3+3337443]
	Ordinal0 [0x005EF041+2158657]
	Ordinal0 [0x00476FA8+618408]
	Ordinal0 [0x0046AE8F+568975]
	Ordinal0 [0x0046A131+565553]
	Ordinal0 [0x0046A525+566565]
	Ordinal0 [0x00469E45+564805]
	Ordinal0 [0x004735C1+603585]
	Ordinal0 [0x00469E01+564737]
	Ordinal0 [0x0046ABB2+568242]
	Ordinal0 [0x0046A131+565553]
	Ordinal0 [0x0046A525+566565]
	Ordinal0 [0x00469E45+564805]
	Ordinal0 [0x00471A3C+596540]
	Ordinal0 [0x00469E01+564737]
	Ordinal0 [0x0046ABB2+568242]
	Ordinal0 [0x0046A131+565553]
	Ordinal0 [0x0046A525+566565]
	Ordinal0 [0x00469E45+564805]
	Ordinal0 [0x0046FB72+588658]
	Ordinal0 [0x00469E01+564737]
	Ordinal0 [0x0046ABB2+568242]
	Ordinal0 [0x0046A131+565553]
	Ordinal0 [0x0046A525+566565]
	Ordinal0 [0x00469E45+564805]
	Ordinal0 [0x0046ED85+585093]
	Ordinal0 [0x00469E01+564737]
	Ordinal0 [0x0046ABB2+568242]
	Ordinal0 [0x0046A131+565553]
	Ordinal0 [0x0046A525+566565]
	Ordinal0 [0x00469E45+564805]
	Ordinal0 [0x00466486+550022]
	Ordinal0 [0x00469E01+564737]
	Ordinal0 [0x00469C23+564259]
	Ordinal0 [0x00469A17+563735]
	Ordinal0 [0x00477FD0+622544]
	Ordinal0 [0x00416B2D+224045]
	Ordinal0 [0x00415BFC+220156]
	Ordinal0 [0x0041181B+202779]
	Ordinal0 [0x003F3D74+81268]
	Ordinal0 [0x003F4D6E+85358]
	Ordinal0 [0x003F4CF9+85241]
	Ordinal0 [0x00606F2C+2256684]
	GetHandleVerifier [0x00892FAC+1478332]
	GetHandleVerifier [0x00892AFD+1477133]
	GetHandleVerifier [0x0089AAD8+1509864]
	GetHandleVerifier [0x0089369E+1480110]
	Ordinal0 [0x005FD6BD+2217661]
	Ordinal0 [0x006089AB+2263467]
	Ordinal0 [0x00608AEF+2263791]
	Ordinal0 [0x0061D363+2347875]
	BaseThreadInitThunk [0x76E4FA29+25]
	RtlGetAppContainerNamedObjectPath [0x77AA75F4+228]
	RtlGetAppContainerNamedObjectPath [0x77AA75C4+180]
">
      <![CDATA[org.openqa.selenium.SessionNotCreatedException: session not created
from timeout: Timed out receiving message from renderer: 600.000
  (Session info: chrome=87.0.4280.88)
Build info: version: '3.141.59', revision: 'e82be7d358', time: '2018-11-14T08:17:03'
System info: host: 'DESKTOP-TBDFFO0', ip: '192.168.0.104', os.name: 'Windows 10', os.arch: 'amd64', os.version: '10.0', java.version: '1.8.0_191'
Driver info: driver.version: ChromeDriver
remote stacktrace: Backtrace:
Ordinal0 [0x0070ECE3+3337443]
Ordinal0 [0x005EF041+2158657]
Ordinal0 [0x00476FA8+618408]
Ordinal0 [0x0046AE8F+568975]
Ordinal0 [0x0046A131+565553]
Ordinal0 [0x0046A525+566565]
Ordinal0 [0x00469E45+564805]
Ordinal0 [0x004735C1+603585]
Ordinal0 [0x00469E01+564737]
Ordinal0 [0x0046ABB2+568242]
Ordinal0 [0x0046A131+565553]
Ordinal0 [0x0046A525+566565]
Ordinal0 [0x00469E45+564805]
Ordinal0 [0x00471A3C+596540]
Ordinal0 [0x00469E01+564737]
Ordinal0 [0x0046ABB2+568242]
Ordinal0 [0x0046A131+565553]
Ordinal0 [0x0046A525+566565]
Ordinal0 [0x00469E45+564805]
Ordinal0 [0x0046FB72+588658]
Ordinal0 [0x00469E01+564737]
Ordinal0 [0x0046ABB2+568242]
Ordinal0 [0x0046A131+565553]
Ordinal0 [0x0046A525+566565]
Ordinal0 [0x00469E45+564805]
Ordinal0 [0x0046ED85+585093]
Ordinal0 [0x00469E01+564737]
Ordinal0 [0x0046ABB2+568242]
Ordinal0 [0x0046A131+565553]
Ordinal0 [0x0046A525+566565]
Ordinal0 [0x00469E45+564805]
Ordinal0 [0x00466486+550022]
Ordinal0 [0x00469E01+564737]
Ordinal0 [0x00469C23+564259]
Ordinal0 [0x00469A17+563735]
Ordinal0 [0x00477FD0+622544]
Ordinal0 [0x00416B2D+224045]
Ordinal0 [0x00415BFC+220156]
Ordinal0 [0x0041181B+202779]
Ordinal0 [0x003F3D74+81268]
Ordinal0 [0x003F4D6E+85358]
Ordinal0 [0x003F4CF9+85241]
Ordinal0 [0x00606F2C+2256684]
GetHandleVerifier [0x00892FAC+1478332]
GetHandleVerifier [0x00892AFD+1477133]
GetHandleVerifier [0x0089AAD8+1509864]
GetHandleVerifier [0x0089369E+1480110]
Ordinal0 [0x005FD6BD+2217661]
Ordinal0 [0x006089AB+2263467]
Ordinal0 [0x00608AEF+2263791]
Ordinal0 [0x0061D363+2347875]
BaseThreadInitThunk [0x76E4FA29+25]
RtlGetAppContainerNamedObjectPath [0x77AA75F4+228]
RtlGetAppContainerNamedObjectPath [0x77AA75C4+180]

at org.openqa.selenium.remote.W3CHandshakeResponse.lambda$errorHandler$0(W3CHandshakeResponse.java:62)
at org.openqa.selenium.remote.HandshakeResponse.lambda$getResponseFunction$0(HandshakeResponse.java:30)
at org.openqa.selenium.remote.ProtocolHandshake.lambda$createSession$0(ProtocolHandshake.java:126)
at java.util.stream.ReferencePipeline$3$1.accept(ReferencePipeline.java:193)
at java.util.Spliterators$ArraySpliterator.tryAdvance(Spliterators.java:958)
at java.util.stream.ReferencePipeline.forEachWithCancel(ReferencePipeline.java:126)
at java.util.stream.AbstractPipeline.copyIntoWithCancel(AbstractPipeline.java:498)
at java.util.stream.AbstractPipeline.copyInto(AbstractPipeline.java:485)
at java.util.stream.AbstractPipeline.wrapAndCopyInto(AbstractPipeline.java:471)
at java.util.stream.FindOps$FindOp.evaluateSequential(FindOps.java:152)
at java.util.stream.AbstractPipeline.evaluate(AbstractPipeline.java:234)
at java.util.stream.ReferencePipeline.findFirst(ReferencePipeline.java:464)
at org.openqa.selenium.remote.ProtocolHandshake.createSession(ProtocolHandshake.java:128)
at org.openqa.selenium.remote.ProtocolHandshake.createSession(ProtocolHandshake.java:74)
at org.openqa.selenium.remote.HttpCommandExecutor.execute(HttpCommandExecutor.java:136)
at org.openqa.selenium.remote.service.DriverCommandExecutor.execute(DriverCommandExecutor.java:83)
at org.openqa.selenium.remote.RemoteWebDriver.execute(RemoteWebDriver.java:552)
at org.openqa.selenium.remote.RemoteWebDriver.startSession(RemoteWebDriver.java:213)
at org.openqa.selenium.remote.RemoteWebDriver.<init>(RemoteWebDriver.java:131)
at org.openqa.selenium.chrome.ChromeDriver.<init>(ChromeDriver.java:181)
at org.openqa.selenium.chrome.ChromeDriver.<init>(ChromeDriver.java:168)
at org.openqa.selenium.chrome.ChromeDriver.<init>(ChromeDriver.java:123)
at com.AudiV1.testCases.BaseClass.setup(BaseClass.java:75)
... Removed 33 stack frames]]>
    </failure>
  </testcase> <!-- @BeforeClass setup -->
  <testcase name="@AfterClass tearDown" time="0.0" classname="com.AudiV1.testCases.BaseClass">
    <skipped/>
  </testcase> <!-- @AfterClass tearDown -->
  <testcase name="@BeforeClass setup" time="681.615" classname="com.AudiV1.testCases.BaseClass">
    <failure type="org.openqa.selenium.SessionNotCreatedException" message="session not created
from timeout: Timed out receiving message from renderer: 600.000
  (Session info: chrome=87.0.4280.88)
Build info: version: &amp;apos;3.141.59&amp;apos;, revision: &amp;apos;e82be7d358&amp;apos;, time: &amp;apos;2018-11-14T08:17:03&amp;apos;
System info: host: &amp;apos;DESKTOP-TBDFFO0&amp;apos;, ip: &amp;apos;192.168.0.104&amp;apos;, os.name: &amp;apos;Windows 10&amp;apos;, os.arch: &amp;apos;amd64&amp;apos;, os.version: &amp;apos;10.0&amp;apos;, java.version: &amp;apos;1.8.0_191&amp;apos;
Driver info: driver.version: ChromeDriver
remote stacktrace: Backtrace:
	Ordinal0 [0x0070ECE3+3337443]
	Ordinal0 [0x005EF041+2158657]
	Ordinal0 [0x00476FA8+618408]
	Ordinal0 [0x0046AE8F+568975]
	Ordinal0 [0x0046A131+565553]
	Ordinal0 [0x0046A525+566565]
	Ordinal0 [0x00469E45+564805]
	Ordinal0 [0x0046FC00+588800]
	Ordinal0 [0x00469E01+564737]
	Ordinal0 [0x0046ABB2+568242]
	Ordinal0 [0x0046A131+565553]
	Ordinal0 [0x0046A525+566565]
	Ordinal0 [0x00469E45+564805]
	Ordinal0 [0x0046ED85+585093]
	Ordinal0 [0x00469E01+564737]
	Ordinal0 [0x0046ABB2+568242]
	Ordinal0 [0x0046A131+565553]
	Ordinal0 [0x0046A525+566565]
	Ordinal0 [0x00469E45+564805]
	Ordinal0 [0x00466486+550022]
	Ordinal0 [0x00469E01+564737]
	Ordinal0 [0x00469C23+564259]
	Ordinal0 [0x00469A17+563735]
	Ordinal0 [0x00477FD0+622544]
	Ordinal0 [0x00416B2D+224045]
	Ordinal0 [0x00415BFC+220156]
	Ordinal0 [0x0041181B+202779]
	Ordinal0 [0x003F3D74+81268]
	Ordinal0 [0x003F4D6E+85358]
	Ordinal0 [0x003F4CF9+85241]
	Ordinal0 [0x00606F2C+2256684]
	GetHandleVerifier [0x00892FAC+1478332]
	GetHandleVerifier [0x00892AFD+1477133]
	GetHandleVerifier [0x0089AAD8+1509864]
	GetHandleVerifier [0x0089369E+1480110]
	Ordinal0 [0x005FD6BD+2217661]
	Ordinal0 [0x006089AB+2263467]
	Ordinal0 [0x00608AEF+2263791]
	Ordinal0 [0x0061D363+2347875]
	BaseThreadInitThunk [0x76E4FA29+25]
	RtlGetAppContainerNamedObjectPath [0x77AA75F4+228]
	RtlGetAppContainerNamedObjectPath [0x77AA75C4+180]
">
      <![CDATA[org.openqa.selenium.SessionNotCreatedException: session not created
from timeout: Timed out receiving message from renderer: 600.000
  (Session info: chrome=87.0.4280.88)
Build info: version: '3.141.59', revision: 'e82be7d358', time: '2018-11-14T08:17:03'
System info: host: 'DESKTOP-TBDFFO0', ip: '192.168.0.104', os.name: 'Windows 10', os.arch: 'amd64', os.version: '10.0', java.version: '1.8.0_191'
Driver info: driver.version: ChromeDriver
remote stacktrace: Backtrace:
Ordinal0 [0x0070ECE3+3337443]
Ordinal0 [0x005EF041+2158657]
Ordinal0 [0x00476FA8+618408]
Ordinal0 [0x0046AE8F+568975]
Ordinal0 [0x0046A131+565553]
Ordinal0 [0x0046A525+566565]
Ordinal0 [0x00469E45+564805]
Ordinal0 [0x0046FC00+588800]
Ordinal0 [0x00469E01+564737]
Ordinal0 [0x0046ABB2+568242]
Ordinal0 [0x0046A131+565553]
Ordinal0 [0x0046A525+566565]
Ordinal0 [0x00469E45+564805]
Ordinal0 [0x0046ED85+585093]
Ordinal0 [0x00469E01+564737]
Ordinal0 [0x0046ABB2+568242]
Ordinal0 [0x0046A131+565553]
Ordinal0 [0x0046A525+566565]
Ordinal0 [0x00469E45+564805]
Ordinal0 [0x00466486+550022]
Ordinal0 [0x00469E01+564737]
Ordinal0 [0x00469C23+564259]
Ordinal0 [0x00469A17+563735]
Ordinal0 [0x00477FD0+622544]
Ordinal0 [0x00416B2D+224045]
Ordinal0 [0x00415BFC+220156]
Ordinal0 [0x0041181B+202779]
Ordinal0 [0x003F3D74+81268]
Ordinal0 [0x003F4D6E+85358]
Ordinal0 [0x003F4CF9+85241]
Ordinal0 [0x00606F2C+2256684]
GetHandleVerifier [0x00892FAC+1478332]
GetHandleVerifier [0x00892AFD+1477133]
GetHandleVerifier [0x0089AAD8+1509864]
GetHandleVerifier [0x0089369E+1480110]
Ordinal0 [0x005FD6BD+2217661]
Ordinal0 [0x006089AB+2263467]
Ordinal0 [0x00608AEF+2263791]
Ordinal0 [0x0061D363+2347875]
BaseThreadInitThunk [0x76E4FA29+25]
RtlGetAppContainerNamedObjectPath [0x77AA75F4+228]
RtlGetAppContainerNamedObjectPath [0x77AA75C4+180]

at org.openqa.selenium.remote.W3CHandshakeResponse.lambda$errorHandler$0(W3CHandshakeResponse.java:62)
at org.openqa.selenium.remote.HandshakeResponse.lambda$getResponseFunction$0(HandshakeResponse.java:30)
at org.openqa.selenium.remote.ProtocolHandshake.lambda$createSession$0(ProtocolHandshake.java:126)
at java.util.stream.ReferencePipeline$3$1.accept(ReferencePipeline.java:193)
at java.util.Spliterators$ArraySpliterator.tryAdvance(Spliterators.java:958)
at java.util.stream.ReferencePipeline.forEachWithCancel(ReferencePipeline.java:126)
at java.util.stream.AbstractPipeline.copyIntoWithCancel(AbstractPipeline.java:498)
at java.util.stream.AbstractPipeline.copyInto(AbstractPipeline.java:485)
at java.util.stream.AbstractPipeline.wrapAndCopyInto(AbstractPipeline.java:471)
at java.util.stream.FindOps$FindOp.evaluateSequential(FindOps.java:152)
at java.util.stream.AbstractPipeline.evaluate(AbstractPipeline.java:234)
at java.util.stream.ReferencePipeline.findFirst(ReferencePipeline.java:464)
at org.openqa.selenium.remote.ProtocolHandshake.createSession(ProtocolHandshake.java:128)
at org.openqa.selenium.remote.ProtocolHandshake.createSession(ProtocolHandshake.java:74)
at org.openqa.selenium.remote.HttpCommandExecutor.execute(HttpCommandExecutor.java:136)
at org.openqa.selenium.remote.service.DriverCommandExecutor.execute(DriverCommandExecutor.java:83)
at org.openqa.selenium.remote.RemoteWebDriver.execute(RemoteWebDriver.java:552)
at org.openqa.selenium.remote.RemoteWebDriver.startSession(RemoteWebDriver.java:213)
at org.openqa.selenium.remote.RemoteWebDriver.<init>(RemoteWebDriver.java:131)
at org.openqa.selenium.chrome.ChromeDriver.<init>(ChromeDriver.java:181)
at org.openqa.selenium.chrome.ChromeDriver.<init>(ChromeDriver.java:168)
at org.openqa.selenium.chrome.ChromeDriver.<init>(ChromeDriver.java:123)
at com.AudiV1.testCases.BaseClass.setup(BaseClass.java:75)
... Removed 33 stack frames]]>
    </failure>
  </testcase> <!-- @BeforeClass setup -->
  <testcase name="@AfterClass tearDown" time="0.0" classname="com.AudiV1.testCases.BaseClass">
    <skipped/>
  </testcase> <!-- @AfterClass tearDown -->
  <testcase name="loginTest" time="0.0" classname="com.AudiV1.testCases.TC_LoginTest_001">
    <skipped/>
  </testcase> <!-- loginTest -->
  <testcase name="addNewCustomer" time="0.0" classname="com.AudiV1.testCases.TC_AddNewCustomer">
    <skipped/>
  </testcase> <!-- addNewCustomer -->
</testsuite> <!-- BankingApp Test1 -->
