<!DOCTYPE html PUBLIC "-//W3C//DTD XHTML 1.1//EN" "http://www.w3.org/TR/xhtml11/DTD/xhtml11.dtd">
<html xmlns="http://www.w3.org/1999/xhtml">
<head>
<meta http-equiv="content-type" content="text/html; charset=UTF-8"/>
<title>TestNG Report</title>
<style type="text/css">table {margin-bottom:10px;border-collapse:collapse;empty-cells:show}th,td {border:1px solid #009;padding:.25em .5em}th {vertical-align:bottom}td {vertical-align:top}table a {font-weight:bold}.stripe td {background-color: #E6EBF9}.num {text-align:right}.passedodd td {background-color: #3F3}.passedeven td {background-color: #0A0}.skippedodd td {background-color: #DDD}.skippedeven td {background-color: #CCC}.failedodd td,.attn {background-color: #F33}.failedeven td,.stripe .attn {background-color: #D00}.stacktrace {white-space:pre;font-family:monospace}.totop {font-size:85%;text-align:center;border-bottom:2px solid #000}.invisible {display:none}</style>
</head>
<body>
<table>
<tr><th>Test</th><th># Passed</th><th># Skipped</th><th># Failed</th><th>Time (ms)</th><th>Included Groups</th><th>Excluded Groups</th></tr>
<tr><th colspan="7">AudiV1</th></tr>
<tr><td><a href="#t0">BankingApp Test1</a></td><td class="num">0</td><td class="num attn">2</td><td class="num">0</td><td class="num">1,364,385</td><td></td><td></td></tr>
</table>
<table id='summary'><thead><tr><th>Class</th><th>Method</th><th>Start</th><th>Time (ms)</th></tr></thead><tbody><tr><th colspan="4">AudiV1</th></tr></tbody><tbody id="t0"><tr><th colspan="4">BankingApp Test1 &#8212; failed (configuration methods)</th></tr><tr class="failedeven"><td rowspan="1">com.AudiV1.testCases.TC_AddNewCustomer</td><td><a href="#m0">setup</a></td><td rowspan="1">1609782130452</td><td rowspan="1">681615</td></tr><tr class="failedodd"><td rowspan="1">com.AudiV1.testCases.TC_LoginTest_001</td><td><a href="#m1">setup</a></td><td rowspan="1">1609781448244</td><td rowspan="1">681205</td></tr><tr><th colspan="4">BankingApp Test1 &#8212; skipped (configuration methods)</th></tr><tr class="skippedeven"><td rowspan="1">com.AudiV1.testCases.TC_AddNewCustomer</td><td><a href="#m2">tearDown</a></td><td rowspan="1">1609782812244</td><td rowspan="1">0</td></tr><tr class="skippedodd"><td rowspan="1">com.AudiV1.testCases.TC_LoginTest_001</td><td><a href="#m3">tearDown</a></td><td rowspan="1">1609782130452</td><td rowspan="1">0</td></tr><tr><th colspan="4">BankingApp Test1 &#8212; skipped</th></tr><tr class="skippedeven"><td rowspan="1">com.AudiV1.testCases.TC_AddNewCustomer</td><td><a href="#m4">addNewCustomer</a></td><td rowspan="1">1609782812234</td><td rowspan="1">0</td></tr><tr class="skippedodd"><td rowspan="1">com.AudiV1.testCases.TC_LoginTest_001</td><td><a href="#m5">loginTest</a></td><td rowspan="1">1609782130358</td><td rowspan="1">0</td></tr></tbody>
</table>
<h2>BankingApp Test1</h2><h3 id="m0">com.AudiV1.testCases.TC_AddNewCustomer#setup</h3><table class="result"><tr class="param"><th>Parameter #1</th></tr><tr class="param stripe"><td>chrome</td></tr><tr><th>Exception</th></tr><tr><td><div class="stacktrace">org.openqa.selenium.SessionNotCreatedException: session not created
from timeout: Timed out receiving message from renderer: 600.000
  (Session info: chrome=87.0.4280.88)
Build info: version: &apos;3.141.59&apos;, revision: &apos;e82be7d358&apos;, time: &apos;2018-11-14T08:17:03&apos;
System info: host: &apos;DESKTOP-TBDFFO0&apos;, ip: &apos;192.168.0.104&apos;, os.name: &apos;Windows 10&apos;, os.arch: &apos;amd64&apos;, os.version: &apos;10.0&apos;, java.version: &apos;1.8.0_191&apos;
Driver info: driver.version: ChromeDriver
remote stacktrace: Backtrace:
	Ordinal0 [0x0070ECE3+3337443]
	Ordinal0 [0x005EF041+2158657]
	Ordinal0 [0x00476FA8+618408]
	Ordinal0 [0x0046AE8F+568975]
	Ordinal0 [0x0046A131+565553]
	Ordinal0 [0x0046A525+566565]
	Ordinal0 [0x00469E45+564805]
	Ordinal0 [0x0046FC00+588800]
	Ordinal0 [0x00469E01+564737]
	Ordinal0 [0x0046ABB2+568242]
	Ordinal0 [0x0046A131+565553]
	Ordinal0 [0x0046A525+566565]
	Ordinal0 [0x00469E45+564805]
	Ordinal0 [0x0046ED85+585093]
	Ordinal0 [0x00469E01+564737]
	Ordinal0 [0x0046ABB2+568242]
	Ordinal0 [0x0046A131+565553]
	Ordinal0 [0x0046A525+566565]
	Ordinal0 [0x00469E45+564805]
	Ordinal0 [0x00466486+550022]
	Ordinal0 [0x00469E01+564737]
	Ordinal0 [0x00469C23+564259]
	Ordinal0 [0x00469A17+563735]
	Ordinal0 [0x00477FD0+622544]
	Ordinal0 [0x00416B2D+224045]
	Ordinal0 [0x00415BFC+220156]
	Ordinal0 [0x0041181B+202779]
	Ordinal0 [0x003F3D74+81268]
	Ordinal0 [0x003F4D6E+85358]
	Ordinal0 [0x003F4CF9+85241]
	Ordinal0 [0x00606F2C+2256684]
	GetHandleVerifier [0x00892FAC+1478332]
	GetHandleVerifier [0x00892AFD+1477133]
	GetHandleVerifier [0x0089AAD8+1509864]
	GetHandleVerifier [0x0089369E+1480110]
	Ordinal0 [0x005FD6BD+2217661]
	Ordinal0 [0x006089AB+2263467]
	Ordinal0 [0x00608AEF+2263791]
	Ordinal0 [0x0061D363+2347875]
	BaseThreadInitThunk [0x76E4FA29+25]
	RtlGetAppContainerNamedObjectPath [0x77AA75F4+228]
	RtlGetAppContainerNamedObjectPath [0x77AA75C4+180]

	at org.openqa.selenium.remote.W3CHandshakeResponse.lambda$errorHandler$0(W3CHandshakeResponse.java:62)
	at org.openqa.selenium.remote.HandshakeResponse.lambda$getResponseFunction$0(HandshakeResponse.java:30)
	at org.openqa.selenium.remote.ProtocolHandshake.lambda$createSession$0(ProtocolHandshake.java:126)
	at java.util.stream.ReferencePipeline$3$1.accept(ReferencePipeline.java:193)
	at java.util.Spliterators$ArraySpliterator.tryAdvance(Spliterators.java:958)
	at java.util.stream.ReferencePipeline.forEachWithCancel(ReferencePipeline.java:126)
	at java.util.stream.AbstractPipeline.copyIntoWithCancel(AbstractPipeline.java:498)
	at java.util.stream.AbstractPipeline.copyInto(AbstractPipeline.java:485)
	at java.util.stream.AbstractPipeline.wrapAndCopyInto(AbstractPipeline.java:471)
	at java.util.stream.FindOps$FindOp.evaluateSequential(FindOps.java:152)
	at java.util.stream.AbstractPipeline.evaluate(AbstractPipeline.java:234)
	at java.util.stream.ReferencePipeline.findFirst(ReferencePipeline.java:464)
	at org.openqa.selenium.remote.ProtocolHandshake.createSession(ProtocolHandshake.java:128)
	at org.openqa.selenium.remote.ProtocolHandshake.createSession(ProtocolHandshake.java:74)
	at org.openqa.selenium.remote.HttpCommandExecutor.execute(HttpCommandExecutor.java:136)
	at org.openqa.selenium.remote.service.DriverCommandExecutor.execute(DriverCommandExecutor.java:83)
	at org.openqa.selenium.remote.RemoteWebDriver.execute(RemoteWebDriver.java:552)
	at org.openqa.selenium.remote.RemoteWebDriver.startSession(RemoteWebDriver.java:213)
	at org.openqa.selenium.remote.RemoteWebDriver.&lt;init&gt;(RemoteWebDriver.java:131)
	at org.openqa.selenium.chrome.ChromeDriver.&lt;init&gt;(ChromeDriver.java:181)
	at org.openqa.selenium.chrome.ChromeDriver.&lt;init&gt;(ChromeDriver.java:168)
	at org.openqa.selenium.chrome.ChromeDriver.&lt;init&gt;(ChromeDriver.java:123)
	at com.AudiV1.testCases.BaseClass.setup(BaseClass.java:75)
... Removed 33 stack frames</div></td></tr></table><p class="totop"><a href="#summary">back to summary</a></p>
<h3 id="m1">com.AudiV1.testCases.TC_LoginTest_001#setup</h3><table class="result"><tr class="param"><th>Parameter #1</th></tr><tr class="param stripe"><td>chrome</td></tr><tr><th>Exception</th></tr><tr><td><div class="stacktrace">org.openqa.selenium.SessionNotCreatedException: session not created
from timeout: Timed out receiving message from renderer: 600.000
  (Session info: chrome=87.0.4280.88)
Build info: version: &apos;3.141.59&apos;, revision: &apos;e82be7d358&apos;, time: &apos;2018-11-14T08:17:03&apos;
System info: host: &apos;DESKTOP-TBDFFO0&apos;, ip: &apos;192.168.0.104&apos;, os.name: &apos;Windows 10&apos;, os.arch: &apos;amd64&apos;, os.version: &apos;10.0&apos;, java.version: &apos;1.8.0_191&apos;
Driver info: driver.version: ChromeDriver
remote stacktrace: Backtrace:
	Ordinal0 [0x0070ECE3+3337443]
	Ordinal0 [0x005EF041+2158657]
	Ordinal0 [0x00476FA8+618408]
	Ordinal0 [0x0046AE8F+568975]
	Ordinal0 [0x0046A131+565553]
	Ordinal0 [0x0046A525+566565]
	Ordinal0 [0x00469E45+564805]
	Ordinal0 [0x004735C1+603585]
	Ordinal0 [0x00469E01+564737]
	Ordinal0 [0x0046ABB2+568242]
	Ordinal0 [0x0046A131+565553]
	Ordinal0 [0x0046A525+566565]
	Ordinal0 [0x00469E45+564805]
	Ordinal0 [0x00471A3C+596540]
	Ordinal0 [0x00469E01+564737]
	Ordinal0 [0x0046ABB2+568242]
	Ordinal0 [0x0046A131+565553]
	Ordinal0 [0x0046A525+566565]
	Ordinal0 [0x00469E45+564805]
	Ordinal0 [0x0046FB72+588658]
	Ordinal0 [0x00469E01+564737]
	Ordinal0 [0x0046ABB2+568242]
	Ordinal0 [0x0046A131+565553]
	Ordinal0 [0x0046A525+566565]
	Ordinal0 [0x00469E45+564805]
	Ordinal0 [0x0046ED85+585093]
	Ordinal0 [0x00469E01+564737]
	Ordinal0 [0x0046ABB2+568242]
	Ordinal0 [0x0046A131+565553]
	Ordinal0 [0x0046A525+566565]
	Ordinal0 [0x00469E45+564805]
	Ordinal0 [0x00466486+550022]
	Ordinal0 [0x00469E01+564737]
	Ordinal0 [0x00469C23+564259]
	Ordinal0 [0x00469A17+563735]
	Ordinal0 [0x00477FD0+622544]
	Ordinal0 [0x00416B2D+224045]
	Ordinal0 [0x00415BFC+220156]
	Ordinal0 [0x0041181B+202779]
	Ordinal0 [0x003F3D74+81268]
	Ordinal0 [0x003F4D6E+85358]
	Ordinal0 [0x003F4CF9+85241]
	Ordinal0 [0x00606F2C+2256684]
	GetHandleVerifier [0x00892FAC+1478332]
	GetHandleVerifier [0x00892AFD+1477133]
	GetHandleVerifier [0x0089AAD8+1509864]
	GetHandleVerifier [0x0089369E+1480110]
	Ordinal0 [0x005FD6BD+2217661]
	Ordinal0 [0x006089AB+2263467]
	Ordinal0 [0x00608AEF+2263791]
	Ordinal0 [0x0061D363+2347875]
	BaseThreadInitThunk [0x76E4FA29+25]
	RtlGetAppContainerNamedObjectPath [0x77AA75F4+228]
	RtlGetAppContainerNamedObjectPath [0x77AA75C4+180]

	at org.openqa.selenium.remote.W3CHandshakeResponse.lambda$errorHandler$0(W3CHandshakeResponse.java:62)
	at org.openqa.selenium.remote.HandshakeResponse.lambda$getResponseFunction$0(HandshakeResponse.java:30)
	at org.openqa.selenium.remote.ProtocolHandshake.lambda$createSession$0(ProtocolHandshake.java:126)
	at java.util.stream.ReferencePipeline$3$1.accept(ReferencePipeline.java:193)
	at java.util.Spliterators$ArraySpliterator.tryAdvance(Spliterators.java:958)
	at java.util.stream.ReferencePipeline.forEachWithCancel(ReferencePipeline.java:126)
	at java.util.stream.AbstractPipeline.copyIntoWithCancel(AbstractPipeline.java:498)
	at java.util.stream.AbstractPipeline.copyInto(AbstractPipeline.java:485)
	at java.util.stream.AbstractPipeline.wrapAndCopyInto(AbstractPipeline.java:471)
	at java.util.stream.FindOps$FindOp.evaluateSequential(FindOps.java:152)
	at java.util.stream.AbstractPipeline.evaluate(AbstractPipeline.java:234)
	at java.util.stream.ReferencePipeline.findFirst(ReferencePipeline.java:464)
	at org.openqa.selenium.remote.ProtocolHandshake.createSession(ProtocolHandshake.java:128)
	at org.openqa.selenium.remote.ProtocolHandshake.createSession(ProtocolHandshake.java:74)
	at org.openqa.selenium.remote.HttpCommandExecutor.execute(HttpCommandExecutor.java:136)
	at org.openqa.selenium.remote.service.DriverCommandExecutor.execute(DriverCommandExecutor.java:83)
	at org.openqa.selenium.remote.RemoteWebDriver.execute(RemoteWebDriver.java:552)
	at org.openqa.selenium.remote.RemoteWebDriver.startSession(RemoteWebDriver.java:213)
	at org.openqa.selenium.remote.RemoteWebDriver.&lt;init&gt;(RemoteWebDriver.java:131)
	at org.openqa.selenium.chrome.ChromeDriver.&lt;init&gt;(ChromeDriver.java:181)
	at org.openqa.selenium.chrome.ChromeDriver.&lt;init&gt;(ChromeDriver.java:168)
	at org.openqa.selenium.chrome.ChromeDriver.&lt;init&gt;(ChromeDriver.java:123)
	at com.AudiV1.testCases.BaseClass.setup(BaseClass.java:75)
... Removed 33 stack frames</div></td></tr></table><p class="totop"><a href="#summary">back to summary</a></p>
<h3 id="m2">com.AudiV1.testCases.TC_AddNewCustomer#tearDown</h3><table class="result"><tr><th class="invisible"/></tr></table><p class="totop"><a href="#summary">back to summary</a></p>
<h3 id="m3">com.AudiV1.testCases.TC_LoginTest_001#tearDown</h3><table class="result"><tr><th class="invisible"/></tr></table><p class="totop"><a href="#summary">back to summary</a></p>
<h3 id="m4">com.AudiV1.testCases.TC_AddNewCustomer#addNewCustomer</h3><table class="result"><tr><th>Exception</th></tr><tr><td><div class="stacktrace">org.openqa.selenium.SessionNotCreatedException: session not created
from timeout: Timed out receiving message from renderer: 600.000
  (Session info: chrome=87.0.4280.88)
Build info: version: &apos;3.141.59&apos;, revision: &apos;e82be7d358&apos;, time: &apos;2018-11-14T08:17:03&apos;
System info: host: &apos;DESKTOP-TBDFFO0&apos;, ip: &apos;192.168.0.104&apos;, os.name: &apos;Windows 10&apos;, os.arch: &apos;amd64&apos;, os.version: &apos;10.0&apos;, java.version: &apos;1.8.0_191&apos;
Driver info: driver.version: ChromeDriver
remote stacktrace: Backtrace:
	Ordinal0 [0x0070ECE3+3337443]
	Ordinal0 [0x005EF041+2158657]
	Ordinal0 [0x00476FA8+618408]
	Ordinal0 [0x0046AE8F+568975]
	Ordinal0 [0x0046A131+565553]
	Ordinal0 [0x0046A525+566565]
	Ordinal0 [0x00469E45+564805]
	Ordinal0 [0x0046FC00+588800]
	Ordinal0 [0x00469E01+564737]
	Ordinal0 [0x0046ABB2+568242]
	Ordinal0 [0x0046A131+565553]
	Ordinal0 [0x0046A525+566565]
	Ordinal0 [0x00469E45+564805]
	Ordinal0 [0x0046ED85+585093]
	Ordinal0 [0x00469E01+564737]
	Ordinal0 [0x0046ABB2+568242]
	Ordinal0 [0x0046A131+565553]
	Ordinal0 [0x0046A525+566565]
	Ordinal0 [0x00469E45+564805]
	Ordinal0 [0x00466486+550022]
	Ordinal0 [0x00469E01+564737]
	Ordinal0 [0x00469C23+564259]
	Ordinal0 [0x00469A17+563735]
	Ordinal0 [0x00477FD0+622544]
	Ordinal0 [0x00416B2D+224045]
	Ordinal0 [0x00415BFC+220156]
	Ordinal0 [0x0041181B+202779]
	Ordinal0 [0x003F3D74+81268]
	Ordinal0 [0x003F4D6E+85358]
	Ordinal0 [0x003F4CF9+85241]
	Ordinal0 [0x00606F2C+2256684]
	GetHandleVerifier [0x00892FAC+1478332]
	GetHandleVerifier [0x00892AFD+1477133]
	GetHandleVerifier [0x0089AAD8+1509864]
	GetHandleVerifier [0x0089369E+1480110]
	Ordinal0 [0x005FD6BD+2217661]
	Ordinal0 [0x006089AB+2263467]
	Ordinal0 [0x00608AEF+2263791]
	Ordinal0 [0x0061D363+2347875]
	BaseThreadInitThunk [0x76E4FA29+25]
	RtlGetAppContainerNamedObjectPath [0x77AA75F4+228]
	RtlGetAppContainerNamedObjectPath [0x77AA75C4+180]

	at org.openqa.selenium.remote.W3CHandshakeResponse.lambda$errorHandler$0(W3CHandshakeResponse.java:62)
	at org.openqa.selenium.remote.HandshakeResponse.lambda$getResponseFunction$0(HandshakeResponse.java:30)
	at org.openqa.selenium.remote.ProtocolHandshake.lambda$createSession$0(ProtocolHandshake.java:126)
	at java.util.stream.ReferencePipeline$3$1.accept(ReferencePipeline.java:193)
	at java.util.Spliterators$ArraySpliterator.tryAdvance(Spliterators.java:958)
	at java.util.stream.ReferencePipeline.forEachWithCancel(ReferencePipeline.java:126)
	at java.util.stream.AbstractPipeline.copyIntoWithCancel(AbstractPipeline.java:498)
	at java.util.stream.AbstractPipeline.copyInto(AbstractPipeline.java:485)
	at java.util.stream.AbstractPipeline.wrapAndCopyInto(AbstractPipeline.java:471)
	at java.util.stream.FindOps$FindOp.evaluateSequential(FindOps.java:152)
	at java.util.stream.AbstractPipeline.evaluate(AbstractPipeline.java:234)
	at java.util.stream.ReferencePipeline.findFirst(ReferencePipeline.java:464)
	at org.openqa.selenium.remote.ProtocolHandshake.createSession(ProtocolHandshake.java:128)
	at org.openqa.selenium.remote.ProtocolHandshake.createSession(ProtocolHandshake.java:74)
	at org.openqa.selenium.remote.HttpCommandExecutor.execute(HttpCommandExecutor.java:136)
	at org.openqa.selenium.remote.service.DriverCommandExecutor.execute(DriverCommandExecutor.java:83)
	at org.openqa.selenium.remote.RemoteWebDriver.execute(RemoteWebDriver.java:552)
	at org.openqa.selenium.remote.RemoteWebDriver.startSession(RemoteWebDriver.java:213)
	at org.openqa.selenium.remote.RemoteWebDriver.&lt;init&gt;(RemoteWebDriver.java:131)
	at org.openqa.selenium.chrome.ChromeDriver.&lt;init&gt;(ChromeDriver.java:181)
	at org.openqa.selenium.chrome.ChromeDriver.&lt;init&gt;(ChromeDriver.java:168)
	at org.openqa.selenium.chrome.ChromeDriver.&lt;init&gt;(ChromeDriver.java:123)
	at com.AudiV1.testCases.BaseClass.setup(BaseClass.java:75)
... Removed 33 stack frames</div></td></tr></table><p class="totop"><a href="#summary">back to summary</a></p>
<h3 id="m5">com.AudiV1.testCases.TC_LoginTest_001#loginTest</h3><table class="result"><tr><th>Exception</th></tr><tr><td><div class="stacktrace">org.openqa.selenium.SessionNotCreatedException: session not created
from timeout: Timed out receiving message from renderer: 600.000
  (Session info: chrome=87.0.4280.88)
Build info: version: &apos;3.141.59&apos;, revision: &apos;e82be7d358&apos;, time: &apos;2018-11-14T08:17:03&apos;
System info: host: &apos;DESKTOP-TBDFFO0&apos;, ip: &apos;192.168.0.104&apos;, os.name: &apos;Windows 10&apos;, os.arch: &apos;amd64&apos;, os.version: &apos;10.0&apos;, java.version: &apos;1.8.0_191&apos;
Driver info: driver.version: ChromeDriver
remote stacktrace: Backtrace:
	Ordinal0 [0x0070ECE3+3337443]
	Ordinal0 [0x005EF041+2158657]
	Ordinal0 [0x00476FA8+618408]
	Ordinal0 [0x0046AE8F+568975]
	Ordinal0 [0x0046A131+565553]
	Ordinal0 [0x0046A525+566565]
	Ordinal0 [0x00469E45+564805]
	Ordinal0 [0x004735C1+603585]
	Ordinal0 [0x00469E01+564737]
	Ordinal0 [0x0046ABB2+568242]
	Ordinal0 [0x0046A131+565553]
	Ordinal0 [0x0046A525+566565]
	Ordinal0 [0x00469E45+564805]
	Ordinal0 [0x00471A3C+596540]
	Ordinal0 [0x00469E01+564737]
	Ordinal0 [0x0046ABB2+568242]
	Ordinal0 [0x0046A131+565553]
	Ordinal0 [0x0046A525+566565]
	Ordinal0 [0x00469E45+564805]
	Ordinal0 [0x0046FB72+588658]
	Ordinal0 [0x00469E01+564737]
	Ordinal0 [0x0046ABB2+568242]
	Ordinal0 [0x0046A131+565553]
	Ordinal0 [0x0046A525+566565]
	Ordinal0 [0x00469E45+564805]
	Ordinal0 [0x0046ED85+585093]
	Ordinal0 [0x00469E01+564737]
	Ordinal0 [0x0046ABB2+568242]
	Ordinal0 [0x0046A131+565553]
	Ordinal0 [0x0046A525+566565]
	Ordinal0 [0x00469E45+564805]
	Ordinal0 [0x00466486+550022]
	Ordinal0 [0x00469E01+564737]
	Ordinal0 [0x00469C23+564259]
	Ordinal0 [0x00469A17+563735]
	Ordinal0 [0x00477FD0+622544]
	Ordinal0 [0x00416B2D+224045]
	Ordinal0 [0x00415BFC+220156]
	Ordinal0 [0x0041181B+202779]
	Ordinal0 [0x003F3D74+81268]
	Ordinal0 [0x003F4D6E+85358]
	Ordinal0 [0x003F4CF9+85241]
	Ordinal0 [0x00606F2C+2256684]
	GetHandleVerifier [0x00892FAC+1478332]
	GetHandleVerifier [0x00892AFD+1477133]
	GetHandleVerifier [0x0089AAD8+1509864]
	GetHandleVerifier [0x0089369E+1480110]
	Ordinal0 [0x005FD6BD+2217661]
	Ordinal0 [0x006089AB+2263467]
	Ordinal0 [0x00608AEF+2263791]
	Ordinal0 [0x0061D363+2347875]
	BaseThreadInitThunk [0x76E4FA29+25]
	RtlGetAppContainerNamedObjectPath [0x77AA75F4+228]
	RtlGetAppContainerNamedObjectPath [0x77AA75C4+180]

	at org.openqa.selenium.remote.W3CHandshakeResponse.lambda$errorHandler$0(W3CHandshakeResponse.java:62)
	at org.openqa.selenium.remote.HandshakeResponse.lambda$getResponseFunction$0(HandshakeResponse.java:30)
	at org.openqa.selenium.remote.ProtocolHandshake.lambda$createSession$0(ProtocolHandshake.java:126)
	at java.util.stream.ReferencePipeline$3$1.accept(ReferencePipeline.java:193)
	at java.util.Spliterators$ArraySpliterator.tryAdvance(Spliterators.java:958)
	at java.util.stream.ReferencePipeline.forEachWithCancel(ReferencePipeline.java:126)
	at java.util.stream.AbstractPipeline.copyIntoWithCancel(AbstractPipeline.java:498)
	at java.util.stream.AbstractPipeline.copyInto(AbstractPipeline.java:485)
	at java.util.stream.AbstractPipeline.wrapAndCopyInto(AbstractPipeline.java:471)
	at java.util.stream.FindOps$FindOp.evaluateSequential(FindOps.java:152)
	at java.util.stream.AbstractPipeline.evaluate(AbstractPipeline.java:234)
	at java.util.stream.ReferencePipeline.findFirst(ReferencePipeline.java:464)
	at org.openqa.selenium.remote.ProtocolHandshake.createSession(ProtocolHandshake.java:128)
	at org.openqa.selenium.remote.ProtocolHandshake.createSession(ProtocolHandshake.java:74)
	at org.openqa.selenium.remote.HttpCommandExecutor.execute(HttpCommandExecutor.java:136)
	at org.openqa.selenium.remote.service.DriverCommandExecutor.execute(DriverCommandExecutor.java:83)
	at org.openqa.selenium.remote.RemoteWebDriver.execute(RemoteWebDriver.java:552)
	at org.openqa.selenium.remote.RemoteWebDriver.startSession(RemoteWebDriver.java:213)
	at org.openqa.selenium.remote.RemoteWebDriver.&lt;init&gt;(RemoteWebDriver.java:131)
	at org.openqa.selenium.chrome.ChromeDriver.&lt;init&gt;(ChromeDriver.java:181)
	at org.openqa.selenium.chrome.ChromeDriver.&lt;init&gt;(ChromeDriver.java:168)
	at org.openqa.selenium.chrome.ChromeDriver.&lt;init&gt;(ChromeDriver.java:123)
	at com.AudiV1.testCases.BaseClass.setup(BaseClass.java:75)
... Removed 33 stack frames</div></td></tr></table><p class="totop"><a href="#summary">back to summary</a></p>
</body>
</html>
