<?xml version="1.0" encoding="UTF-8"?>
<testng-results skipped="2" failed="0" ignored="0" total="2" passed="0">
  <reporter-output>
  </reporter-output>
  <suite name="AudiV1" duration-ms="1364385" started-at="2021-01-04T17:30:47Z" finished-at="2021-01-04T17:53:32Z">
    <groups>
    </groups>
    <test name="BankingApp Test1" duration-ms="1364385" started-at="2021-01-04T17:30:47Z" finished-at="2021-01-04T17:53:32Z">
      <class name="com.AudiV1.testCases.TC_AddNewCustomer">
        <test-method status="FAIL" signature="setup(java.lang.String)[pri:0, instance:com.AudiV1.testCases.TC_AddNewCustomer@30c7da1e]" name="setup" is-config="true" duration-ms="681615" started-at="2021-01-04T17:42:10Z" finished-at="2021-01-04T17:53:32Z">
          <params>
            <param index="0">
              <value>
                <![CDATA[chrome]]>
              </value>
            </param>
          </params>
          <exception class="org.openqa.selenium.SessionNotCreatedException">
            <message>
              <![CDATA[session not created
from timeout: Timed out receiving message from renderer: 600.000
  (Session info: chrome=87.0.4280.88)
Build info: version: '3.141.59', revision: 'e82be7d358', time: '2018-11-14T08:17:03'
System info: host: 'DESKTOP-TBDFFO0', ip: '192.168.0.104', os.name: 'Windows 10', os.arch: 'amd64', os.version: '10.0', java.version: '1.8.0_191'
Driver info: driver.version: ChromeDriver
remote stacktrace: Backtrace:
Ordinal0 [0x0070ECE3+3337443]
Ordinal0 [0x005EF041+2158657]
Ordinal0 [0x00476FA8+618408]
Ordinal0 [0x0046AE8F+568975]
Ordinal0 [0x0046A131+565553]
Ordinal0 [0x0046A525+566565]
Ordinal0 [0x00469E45+564805]
Ordinal0 [0x0046FC00+588800]
Ordinal0 [0x00469E01+564737]
Ordinal0 [0x0046ABB2+568242]
Ordinal0 [0x0046A131+565553]
Ordinal0 [0x0046A525+566565]
Ordinal0 [0x00469E45+564805]
Ordinal0 [0x0046ED85+585093]
Ordinal0 [0x00469E01+564737]
Ordinal0 [0x0046ABB2+568242]
Ordinal0 [0x0046A131+565553]
Ordinal0 [0x0046A525+566565]
Ordinal0 [0x00469E45+564805]
Ordinal0 [0x00466486+550022]
Ordinal0 [0x00469E01+564737]
Ordinal0 [0x00469C23+564259]
Ordinal0 [0x00469A17+563735]
Ordinal0 [0x00477FD0+622544]
Ordinal0 [0x00416B2D+224045]
Ordinal0 [0x00415BFC+220156]
Ordinal0 [0x0041181B+202779]
Ordinal0 [0x003F3D74+81268]
Ordinal0 [0x003F4D6E+85358]
Ordinal0 [0x003F4CF9+85241]
Ordinal0 [0x00606F2C+2256684]
GetHandleVerifier [0x00892FAC+1478332]
GetHandleVerifier [0x00892AFD+1477133]
GetHandleVerifier [0x0089AAD8+1509864]
GetHandleVerifier [0x0089369E+1480110]
Ordinal0 [0x005FD6BD+2217661]
Ordinal0 [0x006089AB+2263467]
Ordinal0 [0x00608AEF+2263791]
Ordinal0 [0x0061D363+2347875]
BaseThreadInitThunk [0x76E4FA29+25]
RtlGetAppContainerNamedObjectPath [0x77AA75F4+228]
RtlGetAppContainerNamedObjectPath [0x77AA75C4+180]
]]>
            </message>
            <full-stacktrace>
              <![CDATA[org.openqa.selenium.SessionNotCreatedException: session not created
from timeout: Timed out receiving message from renderer: 600.000
  (Session info: chrome=87.0.4280.88)
Build info: version: '3.141.59', revision: 'e82be7d358', time: '2018-11-14T08:17:03'
System info: host: 'DESKTOP-TBDFFO0', ip: '192.168.0.104', os.name: 'Windows 10', os.arch: 'amd64', os.version: '10.0', java.version: '1.8.0_191'
Driver info: driver.version: ChromeDriver
remote stacktrace: Backtrace:
Ordinal0 [0x0070ECE3+3337443]
Ordinal0 [0x005EF041+2158657]
Ordinal0 [0x00476FA8+618408]
Ordinal0 [0x0046AE8F+568975]
Ordinal0 [0x0046A131+565553]
Ordinal0 [0x0046A525+566565]
Ordinal0 [0x00469E45+564805]
Ordinal0 [0x0046FC00+588800]
Ordinal0 [0x00469E01+564737]
Ordinal0 [0x0046ABB2+568242]
Ordinal0 [0x0046A131+565553]
Ordinal0 [0x0046A525+566565]
Ordinal0 [0x00469E45+564805]
Ordinal0 [0x0046ED85+585093]
Ordinal0 [0x00469E01+564737]
Ordinal0 [0x0046ABB2+568242]
Ordinal0 [0x0046A131+565553]
Ordinal0 [0x0046A525+566565]
Ordinal0 [0x00469E45+564805]
Ordinal0 [0x00466486+550022]
Ordinal0 [0x00469E01+564737]
Ordinal0 [0x00469C23+564259]
Ordinal0 [0x00469A17+563735]
Ordinal0 [0x00477FD0+622544]
Ordinal0 [0x00416B2D+224045]
Ordinal0 [0x00415BFC+220156]
Ordinal0 [0x0041181B+202779]
Ordinal0 [0x003F3D74+81268]
Ordinal0 [0x003F4D6E+85358]
Ordinal0 [0x003F4CF9+85241]
Ordinal0 [0x00606F2C+2256684]
GetHandleVerifier [0x00892FAC+1478332]
GetHandleVerifier [0x00892AFD+1477133]
GetHandleVerifier [0x0089AAD8+1509864]
GetHandleVerifier [0x0089369E+1480110]
Ordinal0 [0x005FD6BD+2217661]
Ordinal0 [0x006089AB+2263467]
Ordinal0 [0x00608AEF+2263791]
Ordinal0 [0x0061D363+2347875]
BaseThreadInitThunk [0x76E4FA29+25]
RtlGetAppContainerNamedObjectPath [0x77AA75F4+228]
RtlGetAppContainerNamedObjectPath [0x77AA75C4+180]

at sun.reflect.NativeConstructorAccessorImpl.newInstance0(Native Method)
at sun.reflect.NativeConstructorAccessorImpl.newInstance(NativeConstructorAccessorImpl.java:62)
at sun.reflect.DelegatingConstructorAccessorImpl.newInstance(DelegatingConstructorAccessorImpl.java:45)
at java.lang.reflect.Constructor.newInstance(Constructor.java:423)
at org.openqa.selenium.remote.W3CHandshakeResponse.lambda$errorHandler$0(W3CHandshakeResponse.java:62)
at org.openqa.selenium.remote.HandshakeResponse.lambda$getResponseFunction$0(HandshakeResponse.java:30)
at org.openqa.selenium.remote.ProtocolHandshake.lambda$createSession$0(ProtocolHandshake.java:126)
at java.util.stream.ReferencePipeline$3$1.accept(ReferencePipeline.java:193)
at java.util.Spliterators$ArraySpliterator.tryAdvance(Spliterators.java:958)
at java.util.stream.ReferencePipeline.forEachWithCancel(ReferencePipeline.java:126)
at java.util.stream.AbstractPipeline.copyIntoWithCancel(AbstractPipeline.java:498)
at java.util.stream.AbstractPipeline.copyInto(AbstractPipeline.java:485)
at java.util.stream.AbstractPipeline.wrapAndCopyInto(AbstractPipeline.java:471)
at java.util.stream.FindOps$FindOp.evaluateSequential(FindOps.java:152)
at java.util.stream.AbstractPipeline.evaluate(AbstractPipeline.java:234)
at java.util.stream.ReferencePipeline.findFirst(ReferencePipeline.java:464)
at org.openqa.selenium.remote.ProtocolHandshake.createSession(ProtocolHandshake.java:128)
at org.openqa.selenium.remote.ProtocolHandshake.createSession(ProtocolHandshake.java:74)
at org.openqa.selenium.remote.HttpCommandExecutor.execute(HttpCommandExecutor.java:136)
at org.openqa.selenium.remote.service.DriverCommandExecutor.execute(DriverCommandExecutor.java:83)
at org.openqa.selenium.remote.RemoteWebDriver.execute(RemoteWebDriver.java:552)
at org.openqa.selenium.remote.RemoteWebDriver.startSession(RemoteWebDriver.java:213)
at org.openqa.selenium.remote.RemoteWebDriver.<init>(RemoteWebDriver.java:131)
at org.openqa.selenium.chrome.ChromeDriver.<init>(ChromeDriver.java:181)
at org.openqa.selenium.chrome.ChromeDriver.<init>(ChromeDriver.java:168)
at org.openqa.selenium.chrome.ChromeDriver.<init>(ChromeDriver.java:123)
at com.AudiV1.testCases.BaseClass.setup(BaseClass.java:75)
at sun.reflect.NativeMethodAccessorImpl.invoke0(Native Method)
at sun.reflect.NativeMethodAccessorImpl.invoke(NativeMethodAccessorImpl.java:62)
at sun.reflect.DelegatingMethodAccessorImpl.invoke(DelegatingMethodAccessorImpl.java:43)
at java.lang.reflect.Method.invoke(Method.java:498)
at org.testng.internal.MethodInvocationHelper.invokeMethod(MethodInvocationHelper.java:124)
at org.testng.internal.MethodInvocationHelper.invokeMethodConsideringTimeout(MethodInvocationHelper.java:59)
at org.testng.internal.Invoker.invokeConfigurationMethod(Invoker.java:458)
at org.testng.internal.Invoker.invokeConfigurations(Invoker.java:222)
at org.testng.internal.Invoker.invokeConfigurations(Invoker.java:142)
at org.testng.internal.TestMethodWorker.invokeBeforeClassMethods(TestMethodWorker.java:168)
at org.testng.internal.TestMethodWorker.run(TestMethodWorker.java:105)
at org.testng.TestRunner.privateRun(TestRunner.java:648)
at org.testng.TestRunner.run(TestRunner.java:505)
at org.testng.SuiteRunner.runTest(SuiteRunner.java:455)
at org.testng.SuiteRunner.runSequentially(SuiteRunner.java:450)
at org.testng.SuiteRunner.privateRun(SuiteRunner.java:415)
at org.testng.SuiteRunner.run(SuiteRunner.java:364)
at org.testng.SuiteRunnerWorker.runSuite(SuiteRunnerWorker.java:52)
at org.testng.SuiteRunnerWorker.run(SuiteRunnerWorker.java:84)
at org.testng.TestNG.runSuitesSequentially(TestNG.java:1208)
at org.testng.TestNG.runSuitesLocally(TestNG.java:1137)
at org.testng.TestNG.runSuites(TestNG.java:1049)
at org.testng.TestNG.run(TestNG.java:1017)
at org.apache.maven.surefire.testng.TestNGExecutor.run(TestNGExecutor.java:295)
at org.apache.maven.surefire.testng.TestNGXmlTestSuite.execute(TestNGXmlTestSuite.java:84)
at org.apache.maven.surefire.testng.TestNGProvider.invoke(TestNGProvider.java:90)
at org.apache.maven.surefire.booter.ForkedBooter.invokeProviderInSameClassLoader(ForkedBooter.java:203)
at org.apache.maven.surefire.booter.ForkedBooter.runSuitesInProcess(ForkedBooter.java:155)
at org.apache.maven.surefire.booter.ForkedBooter.main(ForkedBooter.java:103)
]]>
            </full-stacktrace>
          </exception> <!-- org.openqa.selenium.SessionNotCreatedException -->
          <reporter-output>
          </reporter-output>
        </test-method> <!-- setup -->
        <test-method status="SKIP" signature="addNewCustomer()[pri:0, instance:com.AudiV1.testCases.TC_AddNewCustomer@30c7da1e]" name="addNewCustomer" duration-ms="0" started-at="2021-01-04T17:53:32Z" finished-at="2021-01-04T17:53:32Z">
          <exception class="org.openqa.selenium.SessionNotCreatedException">
            <message>
              <![CDATA[session not created
from timeout: Timed out receiving message from renderer: 600.000
  (Session info: chrome=87.0.4280.88)
Build info: version: '3.141.59', revision: 'e82be7d358', time: '2018-11-14T08:17:03'
System info: host: 'DESKTOP-TBDFFO0', ip: '192.168.0.104', os.name: 'Windows 10', os.arch: 'amd64', os.version: '10.0', java.version: '1.8.0_191'
Driver info: driver.version: ChromeDriver
remote stacktrace: Backtrace:
Ordinal0 [0x0070ECE3+3337443]
Ordinal0 [0x005EF041+2158657]
Ordinal0 [0x00476FA8+618408]
Ordinal0 [0x0046AE8F+568975]
Ordinal0 [0x0046A131+565553]
Ordinal0 [0x0046A525+566565]
Ordinal0 [0x00469E45+564805]
Ordinal0 [0x0046FC00+588800]
Ordinal0 [0x00469E01+564737]
Ordinal0 [0x0046ABB2+568242]
Ordinal0 [0x0046A131+565553]
Ordinal0 [0x0046A525+566565]
Ordinal0 [0x00469E45+564805]
Ordinal0 [0x0046ED85+585093]
Ordinal0 [0x00469E01+564737]
Ordinal0 [0x0046ABB2+568242]
Ordinal0 [0x0046A131+565553]
Ordinal0 [0x0046A525+566565]
Ordinal0 [0x00469E45+564805]
Ordinal0 [0x00466486+550022]
Ordinal0 [0x00469E01+564737]
Ordinal0 [0x00469C23+564259]
Ordinal0 [0x00469A17+563735]
Ordinal0 [0x00477FD0+622544]
Ordinal0 [0x00416B2D+224045]
Ordinal0 [0x00415BFC+220156]
Ordinal0 [0x0041181B+202779]
Ordinal0 [0x003F3D74+81268]
Ordinal0 [0x003F4D6E+85358]
Ordinal0 [0x003F4CF9+85241]
Ordinal0 [0x00606F2C+2256684]
GetHandleVerifier [0x00892FAC+1478332]
GetHandleVerifier [0x00892AFD+1477133]
GetHandleVerifier [0x0089AAD8+1509864]
GetHandleVerifier [0x0089369E+1480110]
Ordinal0 [0x005FD6BD+2217661]
Ordinal0 [0x006089AB+2263467]
Ordinal0 [0x00608AEF+2263791]
Ordinal0 [0x0061D363+2347875]
BaseThreadInitThunk [0x76E4FA29+25]
RtlGetAppContainerNamedObjectPath [0x77AA75F4+228]
RtlGetAppContainerNamedObjectPath [0x77AA75C4+180]
]]>
            </message>
            <full-stacktrace>
              <![CDATA[org.openqa.selenium.SessionNotCreatedException: session not created
from timeout: Timed out receiving message from renderer: 600.000
  (Session info: chrome=87.0.4280.88)
Build info: version: '3.141.59', revision: 'e82be7d358', time: '2018-11-14T08:17:03'
System info: host: 'DESKTOP-TBDFFO0', ip: '192.168.0.104', os.name: 'Windows 10', os.arch: 'amd64', os.version: '10.0', java.version: '1.8.0_191'
Driver info: driver.version: ChromeDriver
remote stacktrace: Backtrace:
Ordinal0 [0x0070ECE3+3337443]
Ordinal0 [0x005EF041+2158657]
Ordinal0 [0x00476FA8+618408]
Ordinal0 [0x0046AE8F+568975]
Ordinal0 [0x0046A131+565553]
Ordinal0 [0x0046A525+566565]
Ordinal0 [0x00469E45+564805]
Ordinal0 [0x0046FC00+588800]
Ordinal0 [0x00469E01+564737]
Ordinal0 [0x0046ABB2+568242]
Ordinal0 [0x0046A131+565553]
Ordinal0 [0x0046A525+566565]
Ordinal0 [0x00469E45+564805]
Ordinal0 [0x0046ED85+585093]
Ordinal0 [0x00469E01+564737]
Ordinal0 [0x0046ABB2+568242]
Ordinal0 [0x0046A131+565553]
Ordinal0 [0x0046A525+566565]
Ordinal0 [0x00469E45+564805]
Ordinal0 [0x00466486+550022]
Ordinal0 [0x00469E01+564737]
Ordinal0 [0x00469C23+564259]
Ordinal0 [0x00469A17+563735]
Ordinal0 [0x00477FD0+622544]
Ordinal0 [0x00416B2D+224045]
Ordinal0 [0x00415BFC+220156]
Ordinal0 [0x0041181B+202779]
Ordinal0 [0x003F3D74+81268]
Ordinal0 [0x003F4D6E+85358]
Ordinal0 [0x003F4CF9+85241]
Ordinal0 [0x00606F2C+2256684]
GetHandleVerifier [0x00892FAC+1478332]
GetHandleVerifier [0x00892AFD+1477133]
GetHandleVerifier [0x0089AAD8+1509864]
GetHandleVerifier [0x0089369E+1480110]
Ordinal0 [0x005FD6BD+2217661]
Ordinal0 [0x006089AB+2263467]
Ordinal0 [0x00608AEF+2263791]
Ordinal0 [0x0061D363+2347875]
BaseThreadInitThunk [0x76E4FA29+25]
RtlGetAppContainerNamedObjectPath [0x77AA75F4+228]
RtlGetAppContainerNamedObjectPath [0x77AA75C4+180]

at sun.reflect.NativeConstructorAccessorImpl.newInstance0(Native Method)
at sun.reflect.NativeConstructorAccessorImpl.newInstance(NativeConstructorAccessorImpl.java:62)
at sun.reflect.DelegatingConstructorAccessorImpl.newInstance(DelegatingConstructorAccessorImpl.java:45)
at java.lang.reflect.Constructor.newInstance(Constructor.java:423)
at org.openqa.selenium.remote.W3CHandshakeResponse.lambda$errorHandler$0(W3CHandshakeResponse.java:62)
at org.openqa.selenium.remote.HandshakeResponse.lambda$getResponseFunction$0(HandshakeResponse.java:30)
at org.openqa.selenium.remote.ProtocolHandshake.lambda$createSession$0(ProtocolHandshake.java:126)
at java.util.stream.ReferencePipeline$3$1.accept(ReferencePipeline.java:193)
at java.util.Spliterators$ArraySpliterator.tryAdvance(Spliterators.java:958)
at java.util.stream.ReferencePipeline.forEachWithCancel(ReferencePipeline.java:126)
at java.util.stream.AbstractPipeline.copyIntoWithCancel(AbstractPipeline.java:498)
at java.util.stream.AbstractPipeline.copyInto(AbstractPipeline.java:485)
at java.util.stream.AbstractPipeline.wrapAndCopyInto(AbstractPipeline.java:471)
at java.util.stream.FindOps$FindOp.evaluateSequential(FindOps.java:152)
at java.util.stream.AbstractPipeline.evaluate(AbstractPipeline.java:234)
at java.util.stream.ReferencePipeline.findFirst(ReferencePipeline.java:464)
at org.openqa.selenium.remote.ProtocolHandshake.createSession(ProtocolHandshake.java:128)
at org.openqa.selenium.remote.ProtocolHandshake.createSession(ProtocolHandshake.java:74)
at org.openqa.selenium.remote.HttpCommandExecutor.execute(HttpCommandExecutor.java:136)
at org.openqa.selenium.remote.service.DriverCommandExecutor.execute(DriverCommandExecutor.java:83)
at org.openqa.selenium.remote.RemoteWebDriver.execute(RemoteWebDriver.java:552)
at org.openqa.selenium.remote.RemoteWebDriver.startSession(RemoteWebDriver.java:213)
at org.openqa.selenium.remote.RemoteWebDriver.<init>(RemoteWebDriver.java:131)
at org.openqa.selenium.chrome.ChromeDriver.<init>(ChromeDriver.java:181)
at org.openqa.selenium.chrome.ChromeDriver.<init>(ChromeDriver.java:168)
at org.openqa.selenium.chrome.ChromeDriver.<init>(ChromeDriver.java:123)
at com.AudiV1.testCases.BaseClass.setup(BaseClass.java:75)
at sun.reflect.NativeMethodAccessorImpl.invoke0(Native Method)
at sun.reflect.NativeMethodAccessorImpl.invoke(NativeMethodAccessorImpl.java:62)
at sun.reflect.DelegatingMethodAccessorImpl.invoke(DelegatingMethodAccessorImpl.java:43)
at java.lang.reflect.Method.invoke(Method.java:498)
at org.testng.internal.MethodInvocationHelper.invokeMethod(MethodInvocationHelper.java:124)
at org.testng.internal.MethodInvocationHelper.invokeMethodConsideringTimeout(MethodInvocationHelper.java:59)
at org.testng.internal.Invoker.invokeConfigurationMethod(Invoker.java:458)
at org.testng.internal.Invoker.invokeConfigurations(Invoker.java:222)
at org.testng.internal.Invoker.invokeConfigurations(Invoker.java:142)
at org.testng.internal.TestMethodWorker.invokeBeforeClassMethods(TestMethodWorker.java:168)
at org.testng.internal.TestMethodWorker.run(TestMethodWorker.java:105)
at org.testng.TestRunner.privateRun(TestRunner.java:648)
at org.testng.TestRunner.run(TestRunner.java:505)
at org.testng.SuiteRunner.runTest(SuiteRunner.java:455)
at org.testng.SuiteRunner.runSequentially(SuiteRunner.java:450)
at org.testng.SuiteRunner.privateRun(SuiteRunner.java:415)
at org.testng.SuiteRunner.run(SuiteRunner.java:364)
at org.testng.SuiteRunnerWorker.runSuite(SuiteRunnerWorker.java:52)
at org.testng.SuiteRunnerWorker.run(SuiteRunnerWorker.java:84)
at org.testng.TestNG.runSuitesSequentially(TestNG.java:1208)
at org.testng.TestNG.runSuitesLocally(TestNG.java:1137)
at org.testng.TestNG.runSuites(TestNG.java:1049)
at org.testng.TestNG.run(TestNG.java:1017)
at org.apache.maven.surefire.testng.TestNGExecutor.run(TestNGExecutor.java:295)
at org.apache.maven.surefire.testng.TestNGXmlTestSuite.execute(TestNGXmlTestSuite.java:84)
at org.apache.maven.surefire.testng.TestNGProvider.invoke(TestNGProvider.java:90)
at org.apache.maven.surefire.booter.ForkedBooter.invokeProviderInSameClassLoader(ForkedBooter.java:203)
at org.apache.maven.surefire.booter.ForkedBooter.runSuitesInProcess(ForkedBooter.java:155)
at org.apache.maven.surefire.booter.ForkedBooter.main(ForkedBooter.java:103)
]]>
            </full-stacktrace>
          </exception> <!-- org.openqa.selenium.SessionNotCreatedException -->
          <reporter-output>
          </reporter-output>
        </test-method> <!-- addNewCustomer -->
        <test-method status="SKIP" signature="tearDown()[pri:0, instance:com.AudiV1.testCases.TC_AddNewCustomer@30c7da1e]" name="tearDown" is-config="true" duration-ms="0" started-at="2021-01-04T17:53:32Z" finished-at="2021-01-04T17:53:32Z">
          <reporter-output>
          </reporter-output>
        </test-method> <!-- tearDown -->
      </class> <!-- com.AudiV1.testCases.TC_AddNewCustomer -->
      <class name="com.AudiV1.testCases.TC_LoginTest_001">
        <test-method status="FAIL" signature="setup(java.lang.String)[pri:0, instance:com.AudiV1.testCases.TC_LoginTest_001@340f438e]" name="setup" is-config="true" duration-ms="681205" started-at="2021-01-04T17:30:48Z" finished-at="2021-01-04T17:42:09Z">
          <params>
            <param index="0">
              <value>
                <![CDATA[chrome]]>
              </value>
            </param>
          </params>
          <exception class="org.openqa.selenium.SessionNotCreatedException">
            <message>
              <![CDATA[session not created
from timeout: Timed out receiving message from renderer: 600.000
  (Session info: chrome=87.0.4280.88)
Build info: version: '3.141.59', revision: 'e82be7d358', time: '2018-11-14T08:17:03'
System info: host: 'DESKTOP-TBDFFO0', ip: '192.168.0.104', os.name: 'Windows 10', os.arch: 'amd64', os.version: '10.0', java.version: '1.8.0_191'
Driver info: driver.version: ChromeDriver
remote stacktrace: Backtrace:
Ordinal0 [0x0070ECE3+3337443]
Ordinal0 [0x005EF041+2158657]
Ordinal0 [0x00476FA8+618408]
Ordinal0 [0x0046AE8F+568975]
Ordinal0 [0x0046A131+565553]
Ordinal0 [0x0046A525+566565]
Ordinal0 [0x00469E45+564805]
Ordinal0 [0x004735C1+603585]
Ordinal0 [0x00469E01+564737]
Ordinal0 [0x0046ABB2+568242]
Ordinal0 [0x0046A131+565553]
Ordinal0 [0x0046A525+566565]
Ordinal0 [0x00469E45+564805]
Ordinal0 [0x00471A3C+596540]
Ordinal0 [0x00469E01+564737]
Ordinal0 [0x0046ABB2+568242]
Ordinal0 [0x0046A131+565553]
Ordinal0 [0x0046A525+566565]
Ordinal0 [0x00469E45+564805]
Ordinal0 [0x0046FB72+588658]
Ordinal0 [0x00469E01+564737]
Ordinal0 [0x0046ABB2+568242]
Ordinal0 [0x0046A131+565553]
Ordinal0 [0x0046A525+566565]
Ordinal0 [0x00469E45+564805]
Ordinal0 [0x0046ED85+585093]
Ordinal0 [0x00469E01+564737]
Ordinal0 [0x0046ABB2+568242]
Ordinal0 [0x0046A131+565553]
Ordinal0 [0x0046A525+566565]
Ordinal0 [0x00469E45+564805]
Ordinal0 [0x00466486+550022]
Ordinal0 [0x00469E01+564737]
Ordinal0 [0x00469C23+564259]
Ordinal0 [0x00469A17+563735]
Ordinal0 [0x00477FD0+622544]
Ordinal0 [0x00416B2D+224045]
Ordinal0 [0x00415BFC+220156]
Ordinal0 [0x0041181B+202779]
Ordinal0 [0x003F3D74+81268]
Ordinal0 [0x003F4D6E+85358]
Ordinal0 [0x003F4CF9+85241]
Ordinal0 [0x00606F2C+2256684]
GetHandleVerifier [0x00892FAC+1478332]
GetHandleVerifier [0x00892AFD+1477133]
GetHandleVerifier [0x0089AAD8+1509864]
GetHandleVerifier [0x0089369E+1480110]
Ordinal0 [0x005FD6BD+2217661]
Ordinal0 [0x006089AB+2263467]
Ordinal0 [0x00608AEF+2263791]
Ordinal0 [0x0061D363+2347875]
BaseThreadInitThunk [0x76E4FA29+25]
RtlGetAppContainerNamedObjectPath [0x77AA75F4+228]
RtlGetAppContainerNamedObjectPath [0x77AA75C4+180]
]]>
            </message>
            <full-stacktrace>
              <![CDATA[org.openqa.selenium.SessionNotCreatedException: session not created
from timeout: Timed out receiving message from renderer: 600.000
  (Session info: chrome=87.0.4280.88)
Build info: version: '3.141.59', revision: 'e82be7d358', time: '2018-11-14T08:17:03'
System info: host: 'DESKTOP-TBDFFO0', ip: '192.168.0.104', os.name: 'Windows 10', os.arch: 'amd64', os.version: '10.0', java.version: '1.8.0_191'
Driver info: driver.version: ChromeDriver
remote stacktrace: Backtrace:
Ordinal0 [0x0070ECE3+3337443]
Ordinal0 [0x005EF041+2158657]
Ordinal0 [0x00476FA8+618408]
Ordinal0 [0x0046AE8F+568975]
Ordinal0 [0x0046A131+565553]
Ordinal0 [0x0046A525+566565]
Ordinal0 [0x00469E45+564805]
Ordinal0 [0x004735C1+603585]
Ordinal0 [0x00469E01+564737]
Ordinal0 [0x0046ABB2+568242]
Ordinal0 [0x0046A131+565553]
Ordinal0 [0x0046A525+566565]
Ordinal0 [0x00469E45+564805]
Ordinal0 [0x00471A3C+596540]
Ordinal0 [0x00469E01+564737]
Ordinal0 [0x0046ABB2+568242]
Ordinal0 [0x0046A131+565553]
Ordinal0 [0x0046A525+566565]
Ordinal0 [0x00469E45+564805]
Ordinal0 [0x0046FB72+588658]
Ordinal0 [0x00469E01+564737]
Ordinal0 [0x0046ABB2+568242]
Ordinal0 [0x0046A131+565553]
Ordinal0 [0x0046A525+566565]
Ordinal0 [0x00469E45+564805]
Ordinal0 [0x0046ED85+585093]
Ordinal0 [0x00469E01+564737]
Ordinal0 [0x0046ABB2+568242]
Ordinal0 [0x0046A131+565553]
Ordinal0 [0x0046A525+566565]
Ordinal0 [0x00469E45+564805]
Ordinal0 [0x00466486+550022]
Ordinal0 [0x00469E01+564737]
Ordinal0 [0x00469C23+564259]
Ordinal0 [0x00469A17+563735]
Ordinal0 [0x00477FD0+622544]
Ordinal0 [0x00416B2D+224045]
Ordinal0 [0x00415BFC+220156]
Ordinal0 [0x0041181B+202779]
Ordinal0 [0x003F3D74+81268]
Ordinal0 [0x003F4D6E+85358]
Ordinal0 [0x003F4CF9+85241]
Ordinal0 [0x00606F2C+2256684]
GetHandleVerifier [0x00892FAC+1478332]
GetHandleVerifier [0x00892AFD+1477133]
GetHandleVerifier [0x0089AAD8+1509864]
GetHandleVerifier [0x0089369E+1480110]
Ordinal0 [0x005FD6BD+2217661]
Ordinal0 [0x006089AB+2263467]
Ordinal0 [0x00608AEF+2263791]
Ordinal0 [0x0061D363+2347875]
BaseThreadInitThunk [0x76E4FA29+25]
RtlGetAppContainerNamedObjectPath [0x77AA75F4+228]
RtlGetAppContainerNamedObjectPath [0x77AA75C4+180]

at sun.reflect.NativeConstructorAccessorImpl.newInstance0(Native Method)
at sun.reflect.NativeConstructorAccessorImpl.newInstance(NativeConstructorAccessorImpl.java:62)
at sun.reflect.DelegatingConstructorAccessorImpl.newInstance(DelegatingConstructorAccessorImpl.java:45)
at java.lang.reflect.Constructor.newInstance(Constructor.java:423)
at org.openqa.selenium.remote.W3CHandshakeResponse.lambda$errorHandler$0(W3CHandshakeResponse.java:62)
at org.openqa.selenium.remote.HandshakeResponse.lambda$getResponseFunction$0(HandshakeResponse.java:30)
at org.openqa.selenium.remote.ProtocolHandshake.lambda$createSession$0(ProtocolHandshake.java:126)
at java.util.stream.ReferencePipeline$3$1.accept(ReferencePipeline.java:193)
at java.util.Spliterators$ArraySpliterator.tryAdvance(Spliterators.java:958)
at java.util.stream.ReferencePipeline.forEachWithCancel(ReferencePipeline.java:126)
at java.util.stream.AbstractPipeline.copyIntoWithCancel(AbstractPipeline.java:498)
at java.util.stream.AbstractPipeline.copyInto(AbstractPipeline.java:485)
at java.util.stream.AbstractPipeline.wrapAndCopyInto(AbstractPipeline.java:471)
at java.util.stream.FindOps$FindOp.evaluateSequential(FindOps.java:152)
at java.util.stream.AbstractPipeline.evaluate(AbstractPipeline.java:234)
at java.util.stream.ReferencePipeline.findFirst(ReferencePipeline.java:464)
at org.openqa.selenium.remote.ProtocolHandshake.createSession(ProtocolHandshake.java:128)
at org.openqa.selenium.remote.ProtocolHandshake.createSession(ProtocolHandshake.java:74)
at org.openqa.selenium.remote.HttpCommandExecutor.execute(HttpCommandExecutor.java:136)
at org.openqa.selenium.remote.service.DriverCommandExecutor.execute(DriverCommandExecutor.java:83)
at org.openqa.selenium.remote.RemoteWebDriver.execute(RemoteWebDriver.java:552)
at org.openqa.selenium.remote.RemoteWebDriver.startSession(RemoteWebDriver.java:213)
at org.openqa.selenium.remote.RemoteWebDriver.<init>(RemoteWebDriver.java:131)
at org.openqa.selenium.chrome.ChromeDriver.<init>(ChromeDriver.java:181)
at org.openqa.selenium.chrome.ChromeDriver.<init>(ChromeDriver.java:168)
at org.openqa.selenium.chrome.ChromeDriver.<init>(ChromeDriver.java:123)
at com.AudiV1.testCases.BaseClass.setup(BaseClass.java:75)
at sun.reflect.NativeMethodAccessorImpl.invoke0(Native Method)
at sun.reflect.NativeMethodAccessorImpl.invoke(NativeMethodAccessorImpl.java:62)
at sun.reflect.DelegatingMethodAccessorImpl.invoke(DelegatingMethodAccessorImpl.java:43)
at java.lang.reflect.Method.invoke(Method.java:498)
at org.testng.internal.MethodInvocationHelper.invokeMethod(MethodInvocationHelper.java:124)
at org.testng.internal.MethodInvocationHelper.invokeMethodConsideringTimeout(MethodInvocationHelper.java:59)
at org.testng.internal.Invoker.invokeConfigurationMethod(Invoker.java:458)
at org.testng.internal.Invoker.invokeConfigurations(Invoker.java:222)
at org.testng.internal.Invoker.invokeConfigurations(Invoker.java:142)
at org.testng.internal.TestMethodWorker.invokeBeforeClassMethods(TestMethodWorker.java:168)
at org.testng.internal.TestMethodWorker.run(TestMethodWorker.java:105)
at org.testng.TestRunner.privateRun(TestRunner.java:648)
at org.testng.TestRunner.run(TestRunner.java:505)
at org.testng.SuiteRunner.runTest(SuiteRunner.java:455)
at org.testng.SuiteRunner.runSequentially(SuiteRunner.java:450)
at org.testng.SuiteRunner.privateRun(SuiteRunner.java:415)
at org.testng.SuiteRunner.run(SuiteRunner.java:364)
at org.testng.SuiteRunnerWorker.runSuite(SuiteRunnerWorker.java:52)
at org.testng.SuiteRunnerWorker.run(SuiteRunnerWorker.java:84)
at org.testng.TestNG.runSuitesSequentially(TestNG.java:1208)
at org.testng.TestNG.runSuitesLocally(TestNG.java:1137)
at org.testng.TestNG.runSuites(TestNG.java:1049)
at org.testng.TestNG.run(TestNG.java:1017)
at org.apache.maven.surefire.testng.TestNGExecutor.run(TestNGExecutor.java:295)
at org.apache.maven.surefire.testng.TestNGXmlTestSuite.execute(TestNGXmlTestSuite.java:84)
at org.apache.maven.surefire.testng.TestNGProvider.invoke(TestNGProvider.java:90)
at org.apache.maven.surefire.booter.ForkedBooter.invokeProviderInSameClassLoader(ForkedBooter.java:203)
at org.apache.maven.surefire.booter.ForkedBooter.runSuitesInProcess(ForkedBooter.java:155)
at org.apache.maven.surefire.booter.ForkedBooter.main(ForkedBooter.java:103)
]]>
            </full-stacktrace>
          </exception> <!-- org.openqa.selenium.SessionNotCreatedException -->
          <reporter-output>
          </reporter-output>
        </test-method> <!-- setup -->
        <test-method status="SKIP" signature="loginTest()[pri:0, instance:com.AudiV1.testCases.TC_LoginTest_001@340f438e]" name="loginTest" duration-ms="0" started-at="2021-01-04T17:42:10Z" finished-at="2021-01-04T17:42:10Z">
          <exception class="org.openqa.selenium.SessionNotCreatedException">
            <message>
              <![CDATA[session not created
from timeout: Timed out receiving message from renderer: 600.000
  (Session info: chrome=87.0.4280.88)
Build info: version: '3.141.59', revision: 'e82be7d358', time: '2018-11-14T08:17:03'
System info: host: 'DESKTOP-TBDFFO0', ip: '192.168.0.104', os.name: 'Windows 10', os.arch: 'amd64', os.version: '10.0', java.version: '1.8.0_191'
Driver info: driver.version: ChromeDriver
remote stacktrace: Backtrace:
Ordinal0 [0x0070ECE3+3337443]
Ordinal0 [0x005EF041+2158657]
Ordinal0 [0x00476FA8+618408]
Ordinal0 [0x0046AE8F+568975]
Ordinal0 [0x0046A131+565553]
Ordinal0 [0x0046A525+566565]
Ordinal0 [0x00469E45+564805]
Ordinal0 [0x004735C1+603585]
Ordinal0 [0x00469E01+564737]
Ordinal0 [0x0046ABB2+568242]
Ordinal0 [0x0046A131+565553]
Ordinal0 [0x0046A525+566565]
Ordinal0 [0x00469E45+564805]
Ordinal0 [0x00471A3C+596540]
Ordinal0 [0x00469E01+564737]
Ordinal0 [0x0046ABB2+568242]
Ordinal0 [0x0046A131+565553]
Ordinal0 [0x0046A525+566565]
Ordinal0 [0x00469E45+564805]
Ordinal0 [0x0046FB72+588658]
Ordinal0 [0x00469E01+564737]
Ordinal0 [0x0046ABB2+568242]
Ordinal0 [0x0046A131+565553]
Ordinal0 [0x0046A525+566565]
Ordinal0 [0x00469E45+564805]
Ordinal0 [0x0046ED85+585093]
Ordinal0 [0x00469E01+564737]
Ordinal0 [0x0046ABB2+568242]
Ordinal0 [0x0046A131+565553]
Ordinal0 [0x0046A525+566565]
Ordinal0 [0x00469E45+564805]
Ordinal0 [0x00466486+550022]
Ordinal0 [0x00469E01+564737]
Ordinal0 [0x00469C23+564259]
Ordinal0 [0x00469A17+563735]
Ordinal0 [0x00477FD0+622544]
Ordinal0 [0x00416B2D+224045]
Ordinal0 [0x00415BFC+220156]
Ordinal0 [0x0041181B+202779]
Ordinal0 [0x003F3D74+81268]
Ordinal0 [0x003F4D6E+85358]
Ordinal0 [0x003F4CF9+85241]
Ordinal0 [0x00606F2C+2256684]
GetHandleVerifier [0x00892FAC+1478332]
GetHandleVerifier [0x00892AFD+1477133]
GetHandleVerifier [0x0089AAD8+1509864]
GetHandleVerifier [0x0089369E+1480110]
Ordinal0 [0x005FD6BD+2217661]
Ordinal0 [0x006089AB+2263467]
Ordinal0 [0x00608AEF+2263791]
Ordinal0 [0x0061D363+2347875]
BaseThreadInitThunk [0x76E4FA29+25]
RtlGetAppContainerNamedObjectPath [0x77AA75F4+228]
RtlGetAppContainerNamedObjectPath [0x77AA75C4+180]
]]>
            </message>
            <full-stacktrace>
              <![CDATA[org.openqa.selenium.SessionNotCreatedException: session not created
from timeout: Timed out receiving message from renderer: 600.000
  (Session info: chrome=87.0.4280.88)
Build info: version: '3.141.59', revision: 'e82be7d358', time: '2018-11-14T08:17:03'
System info: host: 'DESKTOP-TBDFFO0', ip: '192.168.0.104', os.name: 'Windows 10', os.arch: 'amd64', os.version: '10.0', java.version: '1.8.0_191'
Driver info: driver.version: ChromeDriver
remote stacktrace: Backtrace:
Ordinal0 [0x0070ECE3+3337443]
Ordinal0 [0x005EF041+2158657]
Ordinal0 [0x00476FA8+618408]
Ordinal0 [0x0046AE8F+568975]
Ordinal0 [0x0046A131+565553]
Ordinal0 [0x0046A525+566565]
Ordinal0 [0x00469E45+564805]
Ordinal0 [0x004735C1+603585]
Ordinal0 [0x00469E01+564737]
Ordinal0 [0x0046ABB2+568242]
Ordinal0 [0x0046A131+565553]
Ordinal0 [0x0046A525+566565]
Ordinal0 [0x00469E45+564805]
Ordinal0 [0x00471A3C+596540]
Ordinal0 [0x00469E01+564737]
Ordinal0 [0x0046ABB2+568242]
Ordinal0 [0x0046A131+565553]
Ordinal0 [0x0046A525+566565]
Ordinal0 [0x00469E45+564805]
Ordinal0 [0x0046FB72+588658]
Ordinal0 [0x00469E01+564737]
Ordinal0 [0x0046ABB2+568242]
Ordinal0 [0x0046A131+565553]
Ordinal0 [0x0046A525+566565]
Ordinal0 [0x00469E45+564805]
Ordinal0 [0x0046ED85+585093]
Ordinal0 [0x00469E01+564737]
Ordinal0 [0x0046ABB2+568242]
Ordinal0 [0x0046A131+565553]
Ordinal0 [0x0046A525+566565]
Ordinal0 [0x00469E45+564805]
Ordinal0 [0x00466486+550022]
Ordinal0 [0x00469E01+564737]
Ordinal0 [0x00469C23+564259]
Ordinal0 [0x00469A17+563735]
Ordinal0 [0x00477FD0+622544]
Ordinal0 [0x00416B2D+224045]
Ordinal0 [0x00415BFC+220156]
Ordinal0 [0x0041181B+202779]
Ordinal0 [0x003F3D74+81268]
Ordinal0 [0x003F4D6E+85358]
Ordinal0 [0x003F4CF9+85241]
Ordinal0 [0x00606F2C+2256684]
GetHandleVerifier [0x00892FAC+1478332]
GetHandleVerifier [0x00892AFD+1477133]
GetHandleVerifier [0x0089AAD8+1509864]
GetHandleVerifier [0x0089369E+1480110]
Ordinal0 [0x005FD6BD+2217661]
Ordinal0 [0x006089AB+2263467]
Ordinal0 [0x00608AEF+2263791]
Ordinal0 [0x0061D363+2347875]
BaseThreadInitThunk [0x76E4FA29+25]
RtlGetAppContainerNamedObjectPath [0x77AA75F4+228]
RtlGetAppContainerNamedObjectPath [0x77AA75C4+180]

at sun.reflect.NativeConstructorAccessorImpl.newInstance0(Native Method)
at sun.reflect.NativeConstructorAccessorImpl.newInstance(NativeConstructorAccessorImpl.java:62)
at sun.reflect.DelegatingConstructorAccessorImpl.newInstance(DelegatingConstructorAccessorImpl.java:45)
at java.lang.reflect.Constructor.newInstance(Constructor.java:423)
at org.openqa.selenium.remote.W3CHandshakeResponse.lambda$errorHandler$0(W3CHandshakeResponse.java:62)
at org.openqa.selenium.remote.HandshakeResponse.lambda$getResponseFunction$0(HandshakeResponse.java:30)
at org.openqa.selenium.remote.ProtocolHandshake.lambda$createSession$0(ProtocolHandshake.java:126)
at java.util.stream.ReferencePipeline$3$1.accept(ReferencePipeline.java:193)
at java.util.Spliterators$ArraySpliterator.tryAdvance(Spliterators.java:958)
at java.util.stream.ReferencePipeline.forEachWithCancel(ReferencePipeline.java:126)
at java.util.stream.AbstractPipeline.copyIntoWithCancel(AbstractPipeline.java:498)
at java.util.stream.AbstractPipeline.copyInto(AbstractPipeline.java:485)
at java.util.stream.AbstractPipeline.wrapAndCopyInto(AbstractPipeline.java:471)
at java.util.stream.FindOps$FindOp.evaluateSequential(FindOps.java:152)
at java.util.stream.AbstractPipeline.evaluate(AbstractPipeline.java:234)
at java.util.stream.ReferencePipeline.findFirst(ReferencePipeline.java:464)
at org.openqa.selenium.remote.ProtocolHandshake.createSession(ProtocolHandshake.java:128)
at org.openqa.selenium.remote.ProtocolHandshake.createSession(ProtocolHandshake.java:74)
at org.openqa.selenium.remote.HttpCommandExecutor.execute(HttpCommandExecutor.java:136)
at org.openqa.selenium.remote.service.DriverCommandExecutor.execute(DriverCommandExecutor.java:83)
at org.openqa.selenium.remote.RemoteWebDriver.execute(RemoteWebDriver.java:552)
at org.openqa.selenium.remote.RemoteWebDriver.startSession(RemoteWebDriver.java:213)
at org.openqa.selenium.remote.RemoteWebDriver.<init>(RemoteWebDriver.java:131)
at org.openqa.selenium.chrome.ChromeDriver.<init>(ChromeDriver.java:181)
at org.openqa.selenium.chrome.ChromeDriver.<init>(ChromeDriver.java:168)
at org.openqa.selenium.chrome.ChromeDriver.<init>(ChromeDriver.java:123)
at com.AudiV1.testCases.BaseClass.setup(BaseClass.java:75)
at sun.reflect.NativeMethodAccessorImpl.invoke0(Native Method)
at sun.reflect.NativeMethodAccessorImpl.invoke(NativeMethodAccessorImpl.java:62)
at sun.reflect.DelegatingMethodAccessorImpl.invoke(DelegatingMethodAccessorImpl.java:43)
at java.lang.reflect.Method.invoke(Method.java:498)
at org.testng.internal.MethodInvocationHelper.invokeMethod(MethodInvocationHelper.java:124)
at org.testng.internal.MethodInvocationHelper.invokeMethodConsideringTimeout(MethodInvocationHelper.java:59)
at org.testng.internal.Invoker.invokeConfigurationMethod(Invoker.java:458)
at org.testng.internal.Invoker.invokeConfigurations(Invoker.java:222)
at org.testng.internal.Invoker.invokeConfigurations(Invoker.java:142)
at org.testng.internal.TestMethodWorker.invokeBeforeClassMethods(TestMethodWorker.java:168)
at org.testng.internal.TestMethodWorker.run(TestMethodWorker.java:105)
at org.testng.TestRunner.privateRun(TestRunner.java:648)
at org.testng.TestRunner.run(TestRunner.java:505)
at org.testng.SuiteRunner.runTest(SuiteRunner.java:455)
at org.testng.SuiteRunner.runSequentially(SuiteRunner.java:450)
at org.testng.SuiteRunner.privateRun(SuiteRunner.java:415)
at org.testng.SuiteRunner.run(SuiteRunner.java:364)
at org.testng.SuiteRunnerWorker.runSuite(SuiteRunnerWorker.java:52)
at org.testng.SuiteRunnerWorker.run(SuiteRunnerWorker.java:84)
at org.testng.TestNG.runSuitesSequentially(TestNG.java:1208)
at org.testng.TestNG.runSuitesLocally(TestNG.java:1137)
at org.testng.TestNG.runSuites(TestNG.java:1049)
at org.testng.TestNG.run(TestNG.java:1017)
at org.apache.maven.surefire.testng.TestNGExecutor.run(TestNGExecutor.java:295)
at org.apache.maven.surefire.testng.TestNGXmlTestSuite.execute(TestNGXmlTestSuite.java:84)
at org.apache.maven.surefire.testng.TestNGProvider.invoke(TestNGProvider.java:90)
at org.apache.maven.surefire.booter.ForkedBooter.invokeProviderInSameClassLoader(ForkedBooter.java:203)
at org.apache.maven.surefire.booter.ForkedBooter.runSuitesInProcess(ForkedBooter.java:155)
at org.apache.maven.surefire.booter.ForkedBooter.main(ForkedBooter.java:103)
]]>
            </full-stacktrace>
          </exception> <!-- org.openqa.selenium.SessionNotCreatedException -->
          <reporter-output>
          </reporter-output>
        </test-method> <!-- loginTest -->
        <test-method status="SKIP" signature="tearDown()[pri:0, instance:com.AudiV1.testCases.TC_LoginTest_001@340f438e]" name="tearDown" is-config="true" duration-ms="0" started-at="2021-01-04T17:42:10Z" finished-at="2021-01-04T17:42:10Z">
          <reporter-output>
          </reporter-output>
        </test-method> <!-- tearDown -->
      </class> <!-- com.AudiV1.testCases.TC_LoginTest_001 -->
    </test> <!-- BankingApp Test1 -->
  </suite> <!-- AudiV1 -->
</testng-results>
