<?xml version="1.0" encoding="UTF-8"?>
<!-- Generated by org.testng.reporters.JUnitReportReporter -->
<testsuite skipped="1" hostname="DESKTOP-TBDFFO0" name="com.AudiV1.testCases.TC_AddNewCustomer" tests="2" failures="0" timestamp="04 Jan 2021 17:53:52 GMT" time="681.615" errors="1">
  <testcase name="addNewCustomer" time="0.000" classname="com.AudiV1.testCases.TC_AddNewCustomer">
    <skipped/>
  </testcase> <!-- addNewCustomer -->
  <testcase name="setup" time="681.615" classname="com.AudiV1.testCases.TC_AddNewCustomer">
    <error type="org.openqa.selenium.SessionNotCreatedException" message="session not created
from timeout: Timed out receiving message from renderer: 600.000
  (Session info: chrome=87.0.4280.88)
Build info: version: &#039;3.141.59&#039;, revision: &#039;e82be7d358&#039;, time: &#039;2018-11-14T08:17:03&#039;
System info: host: &#039;DESKTOP-TBDFFO0&#039;, ip: &#039;192.168.0.104&#039;, os.name: &#039;Windows 10&#039;, os.arch: &#039;amd64&#039;, os.version: &#039;10.0&#039;, java.version: &#039;1.8.0_191&#039;
Driver info: driver.version: ChromeDriver
remote stacktrace: Backtrace:
	Ordinal0 [0x0070ECE3+3337443]
	Ordinal0 [0x005EF041+2158657]
	Ordinal0 [0x00476FA8+618408]
	Ordinal0 [0x0046AE8F+568975]
	Ordinal0 [0x0046A131+565553]
	Ordinal0 [0x0046A525+566565]
	Ordinal0 [0x00469E45+564805]
	Ordinal0 [0x0046FC00+588800]
	Ordinal0 [0x00469E01+564737]
	Ordinal0 [0x0046ABB2+568242]
	Ordinal0 [0x0046A131+565553]
	Ordinal0 [0x0046A525+566565]
	Ordinal0 [0x00469E45+564805]
	Ordinal0 [0x0046ED85+585093]
	Ordinal0 [0x00469E01+564737]
	Ordinal0 [0x0046ABB2+568242]
	Ordinal0 [0x0046A131+565553]
	Ordinal0 [0x0046A525+566565]
	Ordinal0 [0x00469E45+564805]
	Ordinal0 [0x00466486+550022]
	Ordinal0 [0x00469E01+564737]
	Ordinal0 [0x00469C23+564259]
	Ordinal0 [0x00469A17+563735]
	Ordinal0 [0x00477FD0+622544]
	Ordinal0 [0x00416B2D+224045]
	Ordinal0 [0x00415BFC+220156]
	Ordinal0 [0x0041181B+202779]
	Ordinal0 [0x003F3D74+81268]
	Ordinal0 [0x003F4D6E+85358]
	Ordinal0 [0x003F4CF9+85241]
	Ordinal0 [0x00606F2C+2256684]
	GetHandleVerifier [0x00892FAC+1478332]
	GetHandleVerifier [0x00892AFD+1477133]
	GetHandleVerifier [0x0089AAD8+1509864]
	GetHandleVerifier [0x0089369E+1480110]
	Ordinal0 [0x005FD6BD+2217661]
	Ordinal0 [0x006089AB+2263467]
	Ordinal0 [0x00608AEF+2263791]
	Ordinal0 [0x0061D363+2347875]
	BaseThreadInitThunk [0x76E4FA29+25]
	RtlGetAppContainerNamedObjectPath [0x77AA75F4+228]
	RtlGetAppContainerNamedObjectPath [0x77AA75C4+180]
">
      <![CDATA[org.openqa.selenium.SessionNotCreatedException: session not created
from timeout: Timed out receiving message from renderer: 600.000
  (Session info: chrome=87.0.4280.88)
Build info: version: '3.141.59', revision: 'e82be7d358', time: '2018-11-14T08:17:03'
System info: host: 'DESKTOP-TBDFFO0', ip: '192.168.0.104', os.name: 'Windows 10', os.arch: 'amd64', os.version: '10.0', java.version: '1.8.0_191'
Driver info: driver.version: ChromeDriver
remote stacktrace: Backtrace:
Ordinal0 [0x0070ECE3+3337443]
Ordinal0 [0x005EF041+2158657]
Ordinal0 [0x00476FA8+618408]
Ordinal0 [0x0046AE8F+568975]
Ordinal0 [0x0046A131+565553]
Ordinal0 [0x0046A525+566565]
Ordinal0 [0x00469E45+564805]
Ordinal0 [0x0046FC00+588800]
Ordinal0 [0x00469E01+564737]
Ordinal0 [0x0046ABB2+568242]
Ordinal0 [0x0046A131+565553]
Ordinal0 [0x0046A525+566565]
Ordinal0 [0x00469E45+564805]
Ordinal0 [0x0046ED85+585093]
Ordinal0 [0x00469E01+564737]
Ordinal0 [0x0046ABB2+568242]
Ordinal0 [0x0046A131+565553]
Ordinal0 [0x0046A525+566565]
Ordinal0 [0x00469E45+564805]
Ordinal0 [0x00466486+550022]
Ordinal0 [0x00469E01+564737]
Ordinal0 [0x00469C23+564259]
Ordinal0 [0x00469A17+563735]
Ordinal0 [0x00477FD0+622544]
Ordinal0 [0x00416B2D+224045]
Ordinal0 [0x00415BFC+220156]
Ordinal0 [0x0041181B+202779]
Ordinal0 [0x003F3D74+81268]
Ordinal0 [0x003F4D6E+85358]
Ordinal0 [0x003F4CF9+85241]
Ordinal0 [0x00606F2C+2256684]
GetHandleVerifier [0x00892FAC+1478332]
GetHandleVerifier [0x00892AFD+1477133]
GetHandleVerifier [0x0089AAD8+1509864]
GetHandleVerifier [0x0089369E+1480110]
Ordinal0 [0x005FD6BD+2217661]
Ordinal0 [0x006089AB+2263467]
Ordinal0 [0x00608AEF+2263791]
Ordinal0 [0x0061D363+2347875]
BaseThreadInitThunk [0x76E4FA29+25]
RtlGetAppContainerNamedObjectPath [0x77AA75F4+228]
RtlGetAppContainerNamedObjectPath [0x77AA75C4+180]

at sun.reflect.NativeConstructorAccessorImpl.newInstance0(Native Method)
at sun.reflect.NativeConstructorAccessorImpl.newInstance(NativeConstructorAccessorImpl.java:62)
at sun.reflect.DelegatingConstructorAccessorImpl.newInstance(DelegatingConstructorAccessorImpl.java:45)
at java.lang.reflect.Constructor.newInstance(Constructor.java:423)
at org.openqa.selenium.remote.W3CHandshakeResponse.lambda$errorHandler$0(W3CHandshakeResponse.java:62)
at org.openqa.selenium.remote.HandshakeResponse.lambda$getResponseFunction$0(HandshakeResponse.java:30)
at org.openqa.selenium.remote.ProtocolHandshake.lambda$createSession$0(ProtocolHandshake.java:126)
at java.util.stream.ReferencePipeline$3$1.accept(ReferencePipeline.java:193)
at java.util.Spliterators$ArraySpliterator.tryAdvance(Spliterators.java:958)
at java.util.stream.ReferencePipeline.forEachWithCancel(ReferencePipeline.java:126)
at java.util.stream.AbstractPipeline.copyIntoWithCancel(AbstractPipeline.java:498)
at java.util.stream.AbstractPipeline.copyInto(AbstractPipeline.java:485)
at java.util.stream.AbstractPipeline.wrapAndCopyInto(AbstractPipeline.java:471)
at java.util.stream.FindOps$FindOp.evaluateSequential(FindOps.java:152)
at java.util.stream.AbstractPipeline.evaluate(AbstractPipeline.java:234)
at java.util.stream.ReferencePipeline.findFirst(ReferencePipeline.java:464)
at org.openqa.selenium.remote.ProtocolHandshake.createSession(ProtocolHandshake.java:128)
at org.openqa.selenium.remote.ProtocolHandshake.createSession(ProtocolHandshake.java:74)
at org.openqa.selenium.remote.HttpCommandExecutor.execute(HttpCommandExecutor.java:136)
at org.openqa.selenium.remote.service.DriverCommandExecutor.execute(DriverCommandExecutor.java:83)
at org.openqa.selenium.remote.RemoteWebDriver.execute(RemoteWebDriver.java:552)
at org.openqa.selenium.remote.RemoteWebDriver.startSession(RemoteWebDriver.java:213)
at org.openqa.selenium.remote.RemoteWebDriver.<init>(RemoteWebDriver.java:131)
at org.openqa.selenium.chrome.ChromeDriver.<init>(ChromeDriver.java:181)
at org.openqa.selenium.chrome.ChromeDriver.<init>(ChromeDriver.java:168)
at org.openqa.selenium.chrome.ChromeDriver.<init>(ChromeDriver.java:123)
at com.AudiV1.testCases.BaseClass.setup(BaseClass.java:75)
at sun.reflect.NativeMethodAccessorImpl.invoke0(Native Method)
at sun.reflect.NativeMethodAccessorImpl.invoke(NativeMethodAccessorImpl.java:62)
at sun.reflect.DelegatingMethodAccessorImpl.invoke(DelegatingMethodAccessorImpl.java:43)
at java.lang.reflect.Method.invoke(Method.java:498)
at org.testng.internal.MethodInvocationHelper.invokeMethod(MethodInvocationHelper.java:124)
at org.testng.internal.MethodInvocationHelper.invokeMethodConsideringTimeout(MethodInvocationHelper.java:59)
at org.testng.internal.Invoker.invokeConfigurationMethod(Invoker.java:458)
at org.testng.internal.Invoker.invokeConfigurations(Invoker.java:222)
at org.testng.internal.Invoker.invokeConfigurations(Invoker.java:142)
at org.testng.internal.TestMethodWorker.invokeBeforeClassMethods(TestMethodWorker.java:168)
at org.testng.internal.TestMethodWorker.run(TestMethodWorker.java:105)
at org.testng.TestRunner.privateRun(TestRunner.java:648)
at org.testng.TestRunner.run(TestRunner.java:505)
at org.testng.SuiteRunner.runTest(SuiteRunner.java:455)
at org.testng.SuiteRunner.runSequentially(SuiteRunner.java:450)
at org.testng.SuiteRunner.privateRun(SuiteRunner.java:415)
at org.testng.SuiteRunner.run(SuiteRunner.java:364)
at org.testng.SuiteRunnerWorker.runSuite(SuiteRunnerWorker.java:52)
at org.testng.SuiteRunnerWorker.run(SuiteRunnerWorker.java:84)
at org.testng.TestNG.runSuitesSequentially(TestNG.java:1208)
at org.testng.TestNG.runSuitesLocally(TestNG.java:1137)
at org.testng.TestNG.runSuites(TestNG.java:1049)
at org.testng.TestNG.run(TestNG.java:1017)
at org.apache.maven.surefire.testng.TestNGExecutor.run(TestNGExecutor.java:295)
at org.apache.maven.surefire.testng.TestNGXmlTestSuite.execute(TestNGXmlTestSuite.java:84)
at org.apache.maven.surefire.testng.TestNGProvider.invoke(TestNGProvider.java:90)
at org.apache.maven.surefire.booter.ForkedBooter.invokeProviderInSameClassLoader(ForkedBooter.java:203)
at org.apache.maven.surefire.booter.ForkedBooter.runSuitesInProcess(ForkedBooter.java:155)
at org.apache.maven.surefire.booter.ForkedBooter.main(ForkedBooter.java:103)
]]>
    </error>
  </testcase> <!-- setup -->
</testsuite> <!-- com.AudiV1.testCases.TC_AddNewCustomer -->
